INFO - 2023-06-19 13:36:32 --> Session: Class initialized using 'CodeIgniter\Session\Handlers\FileHandler' driver.
INFO - 2023-06-19 13:36:37 --> Session: Class initialized using 'CodeIgniter\Session\Handlers\FileHandler' driver.
INFO - 2023-06-19 13:38:31 --> Session: Class initialized using 'CodeIgniter\Session\Handlers\FileHandler' driver.
INFO - 2023-06-19 13:41:07 --> Session: Class initialized using 'CodeIgniter\Session\Handlers\FileHandler' driver.
INFO - 2023-06-19 13:41:08 --> Session: Class initialized using 'CodeIgniter\Session\Handlers\FileHandler' driver.
INFO - 2023-06-19 13:41:10 --> Session: Class initialized using 'CodeIgniter\Session\Handlers\FileHandler' driver.
CRITICAL - 2023-06-19 13:41:11 --> Argument 1 passed to App\Controllers\Usuarios::exibir() must be of the type int or null, string given, called in /var/www/ordem/system/CodeIgniter.php on line 934
in APPPATH/Controllers/Usuarios.php on line 179.
 1 SYSTEMPATH/CodeIgniter.php(934): App\Controllers\Usuarios->exibir()
 2 SYSTEMPATH/CodeIgniter.php(499): CodeIgniter\CodeIgniter->runController()
 3 SYSTEMPATH/CodeIgniter.php(368): CodeIgniter\CodeIgniter->handleRequest()
 4 FCPATH/index.php(67): CodeIgniter\CodeIgniter->run()
 5 SYSTEMPATH/Commands/Server/rewrite.php(47): require_once('/var/www/ordem/public/index.php')
CRITICAL - 2023-06-19 13:41:11 --> Argument 1 passed to App\Controllers\Usuarios::exibir() must be of the type int or null, string given, called in /var/www/ordem/system/CodeIgniter.php on line 934
in APPPATH/Controllers/Usuarios.php on line 179.
 1 SYSTEMPATH/CodeIgniter.php(934): App\Controllers\Usuarios->exibir()
 2 SYSTEMPATH/CodeIgniter.php(499): CodeIgniter\CodeIgniter->runController()
 3 SYSTEMPATH/CodeIgniter.php(368): CodeIgniter\CodeIgniter->handleRequest()
 4 FCPATH/index.php(67): CodeIgniter\CodeIgniter->run()
 5 SYSTEMPATH/Commands/Server/rewrite.php(47): require_once('/var/www/ordem/public/index.php')
CRITICAL - 2023-06-19 13:41:11 --> Argument 1 passed to App\Controllers\Usuarios::exibir() must be of the type int or null, string given, called in /var/www/ordem/system/CodeIgniter.php on line 934
in APPPATH/Controllers/Usuarios.php on line 179.
 1 SYSTEMPATH/CodeIgniter.php(934): App\Controllers\Usuarios->exibir()
 2 SYSTEMPATH/CodeIgniter.php(499): CodeIgniter\CodeIgniter->runController()
 3 SYSTEMPATH/CodeIgniter.php(368): CodeIgniter\CodeIgniter->handleRequest()
 4 FCPATH/index.php(67): CodeIgniter\CodeIgniter->run()
 5 SYSTEMPATH/Commands/Server/rewrite.php(47): require_once('/var/www/ordem/public/index.php')
CRITICAL - 2023-06-19 13:41:11 --> Argument 1 passed to App\Controllers\Usuarios::exibir() must be of the type int or null, string given, called in /var/www/ordem/system/CodeIgniter.php on line 934
in APPPATH/Controllers/Usuarios.php on line 179.
 1 SYSTEMPATH/CodeIgniter.php(934): App\Controllers\Usuarios->exibir()
 2 SYSTEMPATH/CodeIgniter.php(499): CodeIgniter\CodeIgniter->runController()
 3 SYSTEMPATH/CodeIgniter.php(368): CodeIgniter\CodeIgniter->handleRequest()
 4 FCPATH/index.php(67): CodeIgniter\CodeIgniter->run()
 5 SYSTEMPATH/Commands/Server/rewrite.php(47): require_once('/var/www/ordem/public/index.php')
CRITICAL - 2023-06-19 13:41:11 --> Argument 1 passed to App\Controllers\Usuarios::exibir() must be of the type int or null, string given, called in /var/www/ordem/system/CodeIgniter.php on line 934
in APPPATH/Controllers/Usuarios.php on line 179.
 1 SYSTEMPATH/CodeIgniter.php(934): App\Controllers\Usuarios->exibir()
 2 SYSTEMPATH/CodeIgniter.php(499): CodeIgniter\CodeIgniter->runController()
 3 SYSTEMPATH/CodeIgniter.php(368): CodeIgniter\CodeIgniter->handleRequest()
 4 FCPATH/index.php(67): CodeIgniter\CodeIgniter->run()
 5 SYSTEMPATH/Commands/Server/rewrite.php(47): require_once('/var/www/ordem/public/index.php')
CRITICAL - 2023-06-19 13:41:11 --> Argument 1 passed to App\Controllers\Usuarios::exibir() must be of the type int or null, string given, called in /var/www/ordem/system/CodeIgniter.php on line 934
in APPPATH/Controllers/Usuarios.php on line 179.
 1 SYSTEMPATH/CodeIgniter.php(934): App\Controllers\Usuarios->exibir()
 2 SYSTEMPATH/CodeIgniter.php(499): CodeIgniter\CodeIgniter->runController()
 3 SYSTEMPATH/CodeIgniter.php(368): CodeIgniter\CodeIgniter->handleRequest()
 4 FCPATH/index.php(67): CodeIgniter\CodeIgniter->run()
 5 SYSTEMPATH/Commands/Server/rewrite.php(47): require_once('/var/www/ordem/public/index.php')
CRITICAL - 2023-06-19 13:41:11 --> Argument 1 passed to App\Controllers\Usuarios::exibir() must be of the type int or null, string given, called in /var/www/ordem/system/CodeIgniter.php on line 934
in APPPATH/Controllers/Usuarios.php on line 179.
 1 SYSTEMPATH/CodeIgniter.php(934): App\Controllers\Usuarios->exibir()
 2 SYSTEMPATH/CodeIgniter.php(499): CodeIgniter\CodeIgniter->runController()
 3 SYSTEMPATH/CodeIgniter.php(368): CodeIgniter\CodeIgniter->handleRequest()
 4 FCPATH/index.php(67): CodeIgniter\CodeIgniter->run()
 5 SYSTEMPATH/Commands/Server/rewrite.php(47): require_once('/var/www/ordem/public/index.php')
CRITICAL - 2023-06-19 13:41:11 --> Argument 1 passed to App\Controllers\Usuarios::exibir() must be of the type int or null, string given, called in /var/www/ordem/system/CodeIgniter.php on line 934
in APPPATH/Controllers/Usuarios.php on line 179.
 1 SYSTEMPATH/CodeIgniter.php(934): App\Controllers\Usuarios->exibir()
 2 SYSTEMPATH/CodeIgniter.php(499): CodeIgniter\CodeIgniter->runController()
 3 SYSTEMPATH/CodeIgniter.php(368): CodeIgniter\CodeIgniter->handleRequest()
 4 FCPATH/index.php(67): CodeIgniter\CodeIgniter->run()
 5 SYSTEMPATH/Commands/Server/rewrite.php(47): require_once('/var/www/ordem/public/index.php')
CRITICAL - 2023-06-19 13:41:11 --> Argument 1 passed to App\Controllers\Usuarios::exibir() must be of the type int or null, string given, called in /var/www/ordem/system/CodeIgniter.php on line 934
in APPPATH/Controllers/Usuarios.php on line 179.
 1 SYSTEMPATH/CodeIgniter.php(934): App\Controllers\Usuarios->exibir()
 2 SYSTEMPATH/CodeIgniter.php(499): CodeIgniter\CodeIgniter->runController()
 3 SYSTEMPATH/CodeIgniter.php(368): CodeIgniter\CodeIgniter->handleRequest()
 4 FCPATH/index.php(67): CodeIgniter\CodeIgniter->run()
 5 SYSTEMPATH/Commands/Server/rewrite.php(47): require_once('/var/www/ordem/public/index.php')
INFO - 2023-06-19 13:41:13 --> Session: Class initialized using 'CodeIgniter\Session\Handlers\FileHandler' driver.
CRITICAL - 2023-06-19 13:41:13 --> Argument 1 passed to App\Controllers\Usuarios::grupos() must be of the type int or null, string given, called in /var/www/ordem/system/CodeIgniter.php on line 934
in APPPATH/Controllers/Usuarios.php on line 473.
 1 SYSTEMPATH/CodeIgniter.php(934): App\Controllers\Usuarios->grupos()
 2 SYSTEMPATH/CodeIgniter.php(499): CodeIgniter\CodeIgniter->runController()
 3 SYSTEMPATH/CodeIgniter.php(368): CodeIgniter\CodeIgniter->handleRequest()
 4 FCPATH/index.php(67): CodeIgniter\CodeIgniter->run()
 5 SYSTEMPATH/Commands/Server/rewrite.php(47): require_once('/var/www/ordem/public/index.php')
CRITICAL - 2023-06-19 13:41:13 --> Argument 1 passed to App\Controllers\Usuarios::grupos() must be of the type int or null, string given, called in /var/www/ordem/system/CodeIgniter.php on line 934
in APPPATH/Controllers/Usuarios.php on line 473.
 1 SYSTEMPATH/CodeIgniter.php(934): App\Controllers\Usuarios->grupos()
 2 SYSTEMPATH/CodeIgniter.php(499): CodeIgniter\CodeIgniter->runController()
 3 SYSTEMPATH/CodeIgniter.php(368): CodeIgniter\CodeIgniter->handleRequest()
 4 FCPATH/index.php(67): CodeIgniter\CodeIgniter->run()
 5 SYSTEMPATH/Commands/Server/rewrite.php(47): require_once('/var/www/ordem/public/index.php')
CRITICAL - 2023-06-19 13:41:13 --> Argument 1 passed to App\Controllers\Usuarios::grupos() must be of the type int or null, string given, called in /var/www/ordem/system/CodeIgniter.php on line 934
in APPPATH/Controllers/Usuarios.php on line 473.
 1 SYSTEMPATH/CodeIgniter.php(934): App\Controllers\Usuarios->grupos()
 2 SYSTEMPATH/CodeIgniter.php(499): CodeIgniter\CodeIgniter->runController()
 3 SYSTEMPATH/CodeIgniter.php(368): CodeIgniter\CodeIgniter->handleRequest()
 4 FCPATH/index.php(67): CodeIgniter\CodeIgniter->run()
 5 SYSTEMPATH/Commands/Server/rewrite.php(47): require_once('/var/www/ordem/public/index.php')
CRITICAL - 2023-06-19 13:41:13 --> Argument 1 passed to App\Controllers\Usuarios::grupos() must be of the type int or null, string given, called in /var/www/ordem/system/CodeIgniter.php on line 934
in APPPATH/Controllers/Usuarios.php on line 473.
 1 SYSTEMPATH/CodeIgniter.php(934): App\Controllers\Usuarios->grupos()
 2 SYSTEMPATH/CodeIgniter.php(499): CodeIgniter\CodeIgniter->runController()
 3 SYSTEMPATH/CodeIgniter.php(368): CodeIgniter\CodeIgniter->handleRequest()
 4 FCPATH/index.php(67): CodeIgniter\CodeIgniter->run()
 5 SYSTEMPATH/Commands/Server/rewrite.php(47): require_once('/var/www/ordem/public/index.php')
CRITICAL - 2023-06-19 13:41:13 --> Argument 1 passed to App\Controllers\Usuarios::grupos() must be of the type int or null, string given, called in /var/www/ordem/system/CodeIgniter.php on line 934
in APPPATH/Controllers/Usuarios.php on line 473.
 1 SYSTEMPATH/CodeIgniter.php(934): App\Controllers\Usuarios->grupos()
 2 SYSTEMPATH/CodeIgniter.php(499): CodeIgniter\CodeIgniter->runController()
 3 SYSTEMPATH/CodeIgniter.php(368): CodeIgniter\CodeIgniter->handleRequest()
 4 FCPATH/index.php(67): CodeIgniter\CodeIgniter->run()
 5 SYSTEMPATH/Commands/Server/rewrite.php(47): require_once('/var/www/ordem/public/index.php')
CRITICAL - 2023-06-19 13:41:13 --> Argument 1 passed to App\Controllers\Usuarios::grupos() must be of the type int or null, string given, called in /var/www/ordem/system/CodeIgniter.php on line 934
in APPPATH/Controllers/Usuarios.php on line 473.
 1 SYSTEMPATH/CodeIgniter.php(934): App\Controllers\Usuarios->grupos()
 2 SYSTEMPATH/CodeIgniter.php(499): CodeIgniter\CodeIgniter->runController()
 3 SYSTEMPATH/CodeIgniter.php(368): CodeIgniter\CodeIgniter->handleRequest()
 4 FCPATH/index.php(67): CodeIgniter\CodeIgniter->run()
 5 SYSTEMPATH/Commands/Server/rewrite.php(47): require_once('/var/www/ordem/public/index.php')
CRITICAL - 2023-06-19 13:41:13 --> Argument 1 passed to App\Controllers\Usuarios::grupos() must be of the type int or null, string given, called in /var/www/ordem/system/CodeIgniter.php on line 934
in APPPATH/Controllers/Usuarios.php on line 473.
 1 SYSTEMPATH/CodeIgniter.php(934): App\Controllers\Usuarios->grupos()
 2 SYSTEMPATH/CodeIgniter.php(499): CodeIgniter\CodeIgniter->runController()
 3 SYSTEMPATH/CodeIgniter.php(368): CodeIgniter\CodeIgniter->handleRequest()
 4 FCPATH/index.php(67): CodeIgniter\CodeIgniter->run()
 5 SYSTEMPATH/Commands/Server/rewrite.php(47): require_once('/var/www/ordem/public/index.php')
CRITICAL - 2023-06-19 13:41:13 --> Argument 1 passed to App\Controllers\Usuarios::grupos() must be of the type int or null, string given, called in /var/www/ordem/system/CodeIgniter.php on line 934
in APPPATH/Controllers/Usuarios.php on line 473.
 1 SYSTEMPATH/CodeIgniter.php(934): App\Controllers\Usuarios->grupos()
 2 SYSTEMPATH/CodeIgniter.php(499): CodeIgniter\CodeIgniter->runController()
 3 SYSTEMPATH/CodeIgniter.php(368): CodeIgniter\CodeIgniter->handleRequest()
 4 FCPATH/index.php(67): CodeIgniter\CodeIgniter->run()
 5 SYSTEMPATH/Commands/Server/rewrite.php(47): require_once('/var/www/ordem/public/index.php')
CRITICAL - 2023-06-19 13:41:13 --> Argument 1 passed to App\Controllers\Usuarios::grupos() must be of the type int or null, string given, called in /var/www/ordem/system/CodeIgniter.php on line 934
in APPPATH/Controllers/Usuarios.php on line 473.
 1 SYSTEMPATH/CodeIgniter.php(934): App\Controllers\Usuarios->grupos()
 2 SYSTEMPATH/CodeIgniter.php(499): CodeIgniter\CodeIgniter->runController()
 3 SYSTEMPATH/CodeIgniter.php(368): CodeIgniter\CodeIgniter->handleRequest()
 4 FCPATH/index.php(67): CodeIgniter\CodeIgniter->run()
 5 SYSTEMPATH/Commands/Server/rewrite.php(47): require_once('/var/www/ordem/public/index.php')
INFO - 2023-06-19 13:41:24 --> CSRF token verified.
INFO - 2023-06-19 13:41:24 --> Session: Class initialized using 'CodeIgniter\Session\Handlers\FileHandler' driver.
INFO - 2023-06-19 13:41:24 --> Session: Class initialized using 'CodeIgniter\Session\Handlers\FileHandler' driver.
CRITICAL - 2023-06-19 13:41:24 --> Argument 1 passed to App\Controllers\Usuarios::grupos() must be of the type int or null, string given, called in /var/www/ordem/system/CodeIgniter.php on line 934
in APPPATH/Controllers/Usuarios.php on line 473.
 1 SYSTEMPATH/CodeIgniter.php(934): App\Controllers\Usuarios->grupos()
 2 SYSTEMPATH/CodeIgniter.php(499): CodeIgniter\CodeIgniter->runController()
 3 SYSTEMPATH/CodeIgniter.php(368): CodeIgniter\CodeIgniter->handleRequest()
 4 FCPATH/index.php(67): CodeIgniter\CodeIgniter->run()
 5 SYSTEMPATH/Commands/Server/rewrite.php(47): require_once('/var/www/ordem/public/index.php')
CRITICAL - 2023-06-19 13:41:24 --> Argument 1 passed to App\Controllers\Usuarios::grupos() must be of the type int or null, string given, called in /var/www/ordem/system/CodeIgniter.php on line 934
in APPPATH/Controllers/Usuarios.php on line 473.
 1 SYSTEMPATH/CodeIgniter.php(934): App\Controllers\Usuarios->grupos()
 2 SYSTEMPATH/CodeIgniter.php(499): CodeIgniter\CodeIgniter->runController()
 3 SYSTEMPATH/CodeIgniter.php(368): CodeIgniter\CodeIgniter->handleRequest()
 4 FCPATH/index.php(67): CodeIgniter\CodeIgniter->run()
 5 SYSTEMPATH/Commands/Server/rewrite.php(47): require_once('/var/www/ordem/public/index.php')
CRITICAL - 2023-06-19 13:41:25 --> Argument 1 passed to App\Controllers\Usuarios::grupos() must be of the type int or null, string given, called in /var/www/ordem/system/CodeIgniter.php on line 934
in APPPATH/Controllers/Usuarios.php on line 473.
 1 SYSTEMPATH/CodeIgniter.php(934): App\Controllers\Usuarios->grupos()
 2 SYSTEMPATH/CodeIgniter.php(499): CodeIgniter\CodeIgniter->runController()
 3 SYSTEMPATH/CodeIgniter.php(368): CodeIgniter\CodeIgniter->handleRequest()
 4 FCPATH/index.php(67): CodeIgniter\CodeIgniter->run()
 5 SYSTEMPATH/Commands/Server/rewrite.php(47): require_once('/var/www/ordem/public/index.php')
CRITICAL - 2023-06-19 13:41:25 --> Argument 1 passed to App\Controllers\Usuarios::grupos() must be of the type int or null, string given, called in /var/www/ordem/system/CodeIgniter.php on line 934
in APPPATH/Controllers/Usuarios.php on line 473.
 1 SYSTEMPATH/CodeIgniter.php(934): App\Controllers\Usuarios->grupos()
 2 SYSTEMPATH/CodeIgniter.php(499): CodeIgniter\CodeIgniter->runController()
 3 SYSTEMPATH/CodeIgniter.php(368): CodeIgniter\CodeIgniter->handleRequest()
 4 FCPATH/index.php(67): CodeIgniter\CodeIgniter->run()
 5 SYSTEMPATH/Commands/Server/rewrite.php(47): require_once('/var/www/ordem/public/index.php')
CRITICAL - 2023-06-19 13:41:25 --> Argument 1 passed to App\Controllers\Usuarios::grupos() must be of the type int or null, string given, called in /var/www/ordem/system/CodeIgniter.php on line 934
in APPPATH/Controllers/Usuarios.php on line 473.
 1 SYSTEMPATH/CodeIgniter.php(934): App\Controllers\Usuarios->grupos()
 2 SYSTEMPATH/CodeIgniter.php(499): CodeIgniter\CodeIgniter->runController()
 3 SYSTEMPATH/CodeIgniter.php(368): CodeIgniter\CodeIgniter->handleRequest()
 4 FCPATH/index.php(67): CodeIgniter\CodeIgniter->run()
 5 SYSTEMPATH/Commands/Server/rewrite.php(47): require_once('/var/www/ordem/public/index.php')
CRITICAL - 2023-06-19 13:41:25 --> Argument 1 passed to App\Controllers\Usuarios::grupos() must be of the type int or null, string given, called in /var/www/ordem/system/CodeIgniter.php on line 934
in APPPATH/Controllers/Usuarios.php on line 473.
 1 SYSTEMPATH/CodeIgniter.php(934): App\Controllers\Usuarios->grupos()
 2 SYSTEMPATH/CodeIgniter.php(499): CodeIgniter\CodeIgniter->runController()
 3 SYSTEMPATH/CodeIgniter.php(368): CodeIgniter\CodeIgniter->handleRequest()
 4 FCPATH/index.php(67): CodeIgniter\CodeIgniter->run()
 5 SYSTEMPATH/Commands/Server/rewrite.php(47): require_once('/var/www/ordem/public/index.php')
CRITICAL - 2023-06-19 13:41:25 --> Argument 1 passed to App\Controllers\Usuarios::grupos() must be of the type int or null, string given, called in /var/www/ordem/system/CodeIgniter.php on line 934
in APPPATH/Controllers/Usuarios.php on line 473.
 1 SYSTEMPATH/CodeIgniter.php(934): App\Controllers\Usuarios->grupos()
 2 SYSTEMPATH/CodeIgniter.php(499): CodeIgniter\CodeIgniter->runController()
 3 SYSTEMPATH/CodeIgniter.php(368): CodeIgniter\CodeIgniter->handleRequest()
 4 FCPATH/index.php(67): CodeIgniter\CodeIgniter->run()
 5 SYSTEMPATH/Commands/Server/rewrite.php(47): require_once('/var/www/ordem/public/index.php')
CRITICAL - 2023-06-19 13:41:25 --> Argument 1 passed to App\Controllers\Usuarios::grupos() must be of the type int or null, string given, called in /var/www/ordem/system/CodeIgniter.php on line 934
in APPPATH/Controllers/Usuarios.php on line 473.
 1 SYSTEMPATH/CodeIgniter.php(934): App\Controllers\Usuarios->grupos()
 2 SYSTEMPATH/CodeIgniter.php(499): CodeIgniter\CodeIgniter->runController()
 3 SYSTEMPATH/CodeIgniter.php(368): CodeIgniter\CodeIgniter->handleRequest()
 4 FCPATH/index.php(67): CodeIgniter\CodeIgniter->run()
 5 SYSTEMPATH/Commands/Server/rewrite.php(47): require_once('/var/www/ordem/public/index.php')
CRITICAL - 2023-06-19 13:41:25 --> Argument 1 passed to App\Controllers\Usuarios::grupos() must be of the type int or null, string given, called in /var/www/ordem/system/CodeIgniter.php on line 934
in APPPATH/Controllers/Usuarios.php on line 473.
 1 SYSTEMPATH/CodeIgniter.php(934): App\Controllers\Usuarios->grupos()
 2 SYSTEMPATH/CodeIgniter.php(499): CodeIgniter\CodeIgniter->runController()
 3 SYSTEMPATH/CodeIgniter.php(368): CodeIgniter\CodeIgniter->handleRequest()
 4 FCPATH/index.php(67): CodeIgniter\CodeIgniter->run()
 5 SYSTEMPATH/Commands/Server/rewrite.php(47): require_once('/var/www/ordem/public/index.php')
INFO - 2023-06-19 13:41:39 --> Session: Class initialized using 'CodeIgniter\Session\Handlers\FileHandler' driver.
INFO - 2023-06-19 13:41:49 --> Session: Class initialized using 'CodeIgniter\Session\Handlers\FileHandler' driver.
CRITICAL - 2023-06-19 13:41:49 --> Argument 1 passed to App\Controllers\Usuarios::grupos() must be of the type int or null, string given, called in /var/www/ordem/system/CodeIgniter.php on line 934
in APPPATH/Controllers/Usuarios.php on line 473.
 1 SYSTEMPATH/CodeIgniter.php(934): App\Controllers\Usuarios->grupos()
 2 SYSTEMPATH/CodeIgniter.php(499): CodeIgniter\CodeIgniter->runController()
 3 SYSTEMPATH/CodeIgniter.php(368): CodeIgniter\CodeIgniter->handleRequest()
 4 FCPATH/index.php(67): CodeIgniter\CodeIgniter->run()
 5 SYSTEMPATH/Commands/Server/rewrite.php(47): require_once('/var/www/ordem/public/index.php')
CRITICAL - 2023-06-19 13:41:49 --> Argument 1 passed to App\Controllers\Usuarios::grupos() must be of the type int or null, string given, called in /var/www/ordem/system/CodeIgniter.php on line 934
in APPPATH/Controllers/Usuarios.php on line 473.
 1 SYSTEMPATH/CodeIgniter.php(934): App\Controllers\Usuarios->grupos()
 2 SYSTEMPATH/CodeIgniter.php(499): CodeIgniter\CodeIgniter->runController()
 3 SYSTEMPATH/CodeIgniter.php(368): CodeIgniter\CodeIgniter->handleRequest()
 4 FCPATH/index.php(67): CodeIgniter\CodeIgniter->run()
 5 SYSTEMPATH/Commands/Server/rewrite.php(47): require_once('/var/www/ordem/public/index.php')
CRITICAL - 2023-06-19 13:41:49 --> Argument 1 passed to App\Controllers\Usuarios::grupos() must be of the type int or null, string given, called in /var/www/ordem/system/CodeIgniter.php on line 934
in APPPATH/Controllers/Usuarios.php on line 473.
 1 SYSTEMPATH/CodeIgniter.php(934): App\Controllers\Usuarios->grupos()
 2 SYSTEMPATH/CodeIgniter.php(499): CodeIgniter\CodeIgniter->runController()
 3 SYSTEMPATH/CodeIgniter.php(368): CodeIgniter\CodeIgniter->handleRequest()
 4 FCPATH/index.php(67): CodeIgniter\CodeIgniter->run()
 5 SYSTEMPATH/Commands/Server/rewrite.php(47): require_once('/var/www/ordem/public/index.php')
CRITICAL - 2023-06-19 13:41:49 --> Argument 1 passed to App\Controllers\Usuarios::grupos() must be of the type int or null, string given, called in /var/www/ordem/system/CodeIgniter.php on line 934
in APPPATH/Controllers/Usuarios.php on line 473.
 1 SYSTEMPATH/CodeIgniter.php(934): App\Controllers\Usuarios->grupos()
 2 SYSTEMPATH/CodeIgniter.php(499): CodeIgniter\CodeIgniter->runController()
 3 SYSTEMPATH/CodeIgniter.php(368): CodeIgniter\CodeIgniter->handleRequest()
 4 FCPATH/index.php(67): CodeIgniter\CodeIgniter->run()
 5 SYSTEMPATH/Commands/Server/rewrite.php(47): require_once('/var/www/ordem/public/index.php')
CRITICAL - 2023-06-19 13:41:49 --> Argument 1 passed to App\Controllers\Usuarios::grupos() must be of the type int or null, string given, called in /var/www/ordem/system/CodeIgniter.php on line 934
in APPPATH/Controllers/Usuarios.php on line 473.
 1 SYSTEMPATH/CodeIgniter.php(934): App\Controllers\Usuarios->grupos()
 2 SYSTEMPATH/CodeIgniter.php(499): CodeIgniter\CodeIgniter->runController()
 3 SYSTEMPATH/CodeIgniter.php(368): CodeIgniter\CodeIgniter->handleRequest()
 4 FCPATH/index.php(67): CodeIgniter\CodeIgniter->run()
 5 SYSTEMPATH/Commands/Server/rewrite.php(47): require_once('/var/www/ordem/public/index.php')
CRITICAL - 2023-06-19 13:41:49 --> Argument 1 passed to App\Controllers\Usuarios::grupos() must be of the type int or null, string given, called in /var/www/ordem/system/CodeIgniter.php on line 934
in APPPATH/Controllers/Usuarios.php on line 473.
 1 SYSTEMPATH/CodeIgniter.php(934): App\Controllers\Usuarios->grupos()
 2 SYSTEMPATH/CodeIgniter.php(499): CodeIgniter\CodeIgniter->runController()
 3 SYSTEMPATH/CodeIgniter.php(368): CodeIgniter\CodeIgniter->handleRequest()
 4 FCPATH/index.php(67): CodeIgniter\CodeIgniter->run()
 5 SYSTEMPATH/Commands/Server/rewrite.php(47): require_once('/var/www/ordem/public/index.php')
CRITICAL - 2023-06-19 13:41:49 --> Argument 1 passed to App\Controllers\Usuarios::grupos() must be of the type int or null, string given, called in /var/www/ordem/system/CodeIgniter.php on line 934
in APPPATH/Controllers/Usuarios.php on line 473.
 1 SYSTEMPATH/CodeIgniter.php(934): App\Controllers\Usuarios->grupos()
 2 SYSTEMPATH/CodeIgniter.php(499): CodeIgniter\CodeIgniter->runController()
 3 SYSTEMPATH/CodeIgniter.php(368): CodeIgniter\CodeIgniter->handleRequest()
 4 FCPATH/index.php(67): CodeIgniter\CodeIgniter->run()
 5 SYSTEMPATH/Commands/Server/rewrite.php(47): require_once('/var/www/ordem/public/index.php')
CRITICAL - 2023-06-19 13:41:49 --> Argument 1 passed to App\Controllers\Usuarios::grupos() must be of the type int or null, string given, called in /var/www/ordem/system/CodeIgniter.php on line 934
in APPPATH/Controllers/Usuarios.php on line 473.
 1 SYSTEMPATH/CodeIgniter.php(934): App\Controllers\Usuarios->grupos()
 2 SYSTEMPATH/CodeIgniter.php(499): CodeIgniter\CodeIgniter->runController()
 3 SYSTEMPATH/CodeIgniter.php(368): CodeIgniter\CodeIgniter->handleRequest()
 4 FCPATH/index.php(67): CodeIgniter\CodeIgniter->run()
 5 SYSTEMPATH/Commands/Server/rewrite.php(47): require_once('/var/www/ordem/public/index.php')
CRITICAL - 2023-06-19 13:41:49 --> Argument 1 passed to App\Controllers\Usuarios::grupos() must be of the type int or null, string given, called in /var/www/ordem/system/CodeIgniter.php on line 934
in APPPATH/Controllers/Usuarios.php on line 473.
 1 SYSTEMPATH/CodeIgniter.php(934): App\Controllers\Usuarios->grupos()
 2 SYSTEMPATH/CodeIgniter.php(499): CodeIgniter\CodeIgniter->runController()
 3 SYSTEMPATH/CodeIgniter.php(368): CodeIgniter\CodeIgniter->handleRequest()
 4 FCPATH/index.php(67): CodeIgniter\CodeIgniter->run()
 5 SYSTEMPATH/Commands/Server/rewrite.php(47): require_once('/var/www/ordem/public/index.php')
INFO - 2023-06-19 13:41:50 --> Session: Class initialized using 'CodeIgniter\Session\Handlers\FileHandler' driver.
INFO - 2023-06-19 13:41:51 --> Session: Class initialized using 'CodeIgniter\Session\Handlers\FileHandler' driver.
CRITICAL - 2023-06-19 13:41:51 --> Argument 1 passed to App\Controllers\Grupos::exibir() must be of the type int or null, string given, called in /var/www/ordem/system/CodeIgniter.php on line 934
in APPPATH/Controllers/Grupos.php on line 145.
 1 SYSTEMPATH/CodeIgniter.php(934): App\Controllers\Grupos->exibir()
 2 SYSTEMPATH/CodeIgniter.php(499): CodeIgniter\CodeIgniter->runController()
 3 SYSTEMPATH/CodeIgniter.php(368): CodeIgniter\CodeIgniter->handleRequest()
 4 FCPATH/index.php(67): CodeIgniter\CodeIgniter->run()
 5 SYSTEMPATH/Commands/Server/rewrite.php(47): require_once('/var/www/ordem/public/index.php')
CRITICAL - 2023-06-19 13:41:51 --> Argument 1 passed to App\Controllers\Grupos::exibir() must be of the type int or null, string given, called in /var/www/ordem/system/CodeIgniter.php on line 934
in APPPATH/Controllers/Grupos.php on line 145.
 1 SYSTEMPATH/CodeIgniter.php(934): App\Controllers\Grupos->exibir()
 2 SYSTEMPATH/CodeIgniter.php(499): CodeIgniter\CodeIgniter->runController()
 3 SYSTEMPATH/CodeIgniter.php(368): CodeIgniter\CodeIgniter->handleRequest()
 4 FCPATH/index.php(67): CodeIgniter\CodeIgniter->run()
 5 SYSTEMPATH/Commands/Server/rewrite.php(47): require_once('/var/www/ordem/public/index.php')
CRITICAL - 2023-06-19 13:41:51 --> Argument 1 passed to App\Controllers\Grupos::exibir() must be of the type int or null, string given, called in /var/www/ordem/system/CodeIgniter.php on line 934
in APPPATH/Controllers/Grupos.php on line 145.
 1 SYSTEMPATH/CodeIgniter.php(934): App\Controllers\Grupos->exibir()
 2 SYSTEMPATH/CodeIgniter.php(499): CodeIgniter\CodeIgniter->runController()
 3 SYSTEMPATH/CodeIgniter.php(368): CodeIgniter\CodeIgniter->handleRequest()
 4 FCPATH/index.php(67): CodeIgniter\CodeIgniter->run()
 5 SYSTEMPATH/Commands/Server/rewrite.php(47): require_once('/var/www/ordem/public/index.php')
CRITICAL - 2023-06-19 13:41:51 --> Argument 1 passed to App\Controllers\Grupos::exibir() must be of the type int or null, string given, called in /var/www/ordem/system/CodeIgniter.php on line 934
in APPPATH/Controllers/Grupos.php on line 145.
 1 SYSTEMPATH/CodeIgniter.php(934): App\Controllers\Grupos->exibir()
 2 SYSTEMPATH/CodeIgniter.php(499): CodeIgniter\CodeIgniter->runController()
 3 SYSTEMPATH/CodeIgniter.php(368): CodeIgniter\CodeIgniter->handleRequest()
 4 FCPATH/index.php(67): CodeIgniter\CodeIgniter->run()
 5 SYSTEMPATH/Commands/Server/rewrite.php(47): require_once('/var/www/ordem/public/index.php')
CRITICAL - 2023-06-19 13:41:51 --> Argument 1 passed to App\Controllers\Grupos::exibir() must be of the type int or null, string given, called in /var/www/ordem/system/CodeIgniter.php on line 934
in APPPATH/Controllers/Grupos.php on line 145.
 1 SYSTEMPATH/CodeIgniter.php(934): App\Controllers\Grupos->exibir()
 2 SYSTEMPATH/CodeIgniter.php(499): CodeIgniter\CodeIgniter->runController()
 3 SYSTEMPATH/CodeIgniter.php(368): CodeIgniter\CodeIgniter->handleRequest()
 4 FCPATH/index.php(67): CodeIgniter\CodeIgniter->run()
 5 SYSTEMPATH/Commands/Server/rewrite.php(47): require_once('/var/www/ordem/public/index.php')
CRITICAL - 2023-06-19 13:41:51 --> Argument 1 passed to App\Controllers\Grupos::exibir() must be of the type int or null, string given, called in /var/www/ordem/system/CodeIgniter.php on line 934
in APPPATH/Controllers/Grupos.php on line 145.
 1 SYSTEMPATH/CodeIgniter.php(934): App\Controllers\Grupos->exibir()
 2 SYSTEMPATH/CodeIgniter.php(499): CodeIgniter\CodeIgniter->runController()
 3 SYSTEMPATH/CodeIgniter.php(368): CodeIgniter\CodeIgniter->handleRequest()
 4 FCPATH/index.php(67): CodeIgniter\CodeIgniter->run()
 5 SYSTEMPATH/Commands/Server/rewrite.php(47): require_once('/var/www/ordem/public/index.php')
CRITICAL - 2023-06-19 13:41:52 --> Argument 1 passed to App\Controllers\Grupos::exibir() must be of the type int or null, string given, called in /var/www/ordem/system/CodeIgniter.php on line 934
in APPPATH/Controllers/Grupos.php on line 145.
 1 SYSTEMPATH/CodeIgniter.php(934): App\Controllers\Grupos->exibir()
 2 SYSTEMPATH/CodeIgniter.php(499): CodeIgniter\CodeIgniter->runController()
 3 SYSTEMPATH/CodeIgniter.php(368): CodeIgniter\CodeIgniter->handleRequest()
 4 FCPATH/index.php(67): CodeIgniter\CodeIgniter->run()
 5 SYSTEMPATH/Commands/Server/rewrite.php(47): require_once('/var/www/ordem/public/index.php')
CRITICAL - 2023-06-19 13:41:52 --> Argument 1 passed to App\Controllers\Grupos::exibir() must be of the type int or null, string given, called in /var/www/ordem/system/CodeIgniter.php on line 934
in APPPATH/Controllers/Grupos.php on line 145.
 1 SYSTEMPATH/CodeIgniter.php(934): App\Controllers\Grupos->exibir()
 2 SYSTEMPATH/CodeIgniter.php(499): CodeIgniter\CodeIgniter->runController()
 3 SYSTEMPATH/CodeIgniter.php(368): CodeIgniter\CodeIgniter->handleRequest()
 4 FCPATH/index.php(67): CodeIgniter\CodeIgniter->run()
 5 SYSTEMPATH/Commands/Server/rewrite.php(47): require_once('/var/www/ordem/public/index.php')
CRITICAL - 2023-06-19 13:41:52 --> Argument 1 passed to App\Controllers\Grupos::exibir() must be of the type int or null, string given, called in /var/www/ordem/system/CodeIgniter.php on line 934
in APPPATH/Controllers/Grupos.php on line 145.
 1 SYSTEMPATH/CodeIgniter.php(934): App\Controllers\Grupos->exibir()
 2 SYSTEMPATH/CodeIgniter.php(499): CodeIgniter\CodeIgniter->runController()
 3 SYSTEMPATH/CodeIgniter.php(368): CodeIgniter\CodeIgniter->handleRequest()
 4 FCPATH/index.php(67): CodeIgniter\CodeIgniter->run()
 5 SYSTEMPATH/Commands/Server/rewrite.php(47): require_once('/var/www/ordem/public/index.php')
INFO - 2023-06-19 13:41:54 --> Session: Class initialized using 'CodeIgniter\Session\Handlers\FileHandler' driver.
CRITICAL - 2023-06-19 13:41:54 --> Argument 1 passed to App\Controllers\Grupos::permissoes() must be of the type int or null, string given, called in /var/www/ordem/system/CodeIgniter.php on line 934
in APPPATH/Controllers/Grupos.php on line 311.
 1 SYSTEMPATH/CodeIgniter.php(934): App\Controllers\Grupos->permissoes()
 2 SYSTEMPATH/CodeIgniter.php(499): CodeIgniter\CodeIgniter->runController()
 3 SYSTEMPATH/CodeIgniter.php(368): CodeIgniter\CodeIgniter->handleRequest()
 4 FCPATH/index.php(67): CodeIgniter\CodeIgniter->run()
 5 SYSTEMPATH/Commands/Server/rewrite.php(47): require_once('/var/www/ordem/public/index.php')
CRITICAL - 2023-06-19 13:41:54 --> Argument 1 passed to App\Controllers\Grupos::permissoes() must be of the type int or null, string given, called in /var/www/ordem/system/CodeIgniter.php on line 934
in APPPATH/Controllers/Grupos.php on line 311.
 1 SYSTEMPATH/CodeIgniter.php(934): App\Controllers\Grupos->permissoes()
 2 SYSTEMPATH/CodeIgniter.php(499): CodeIgniter\CodeIgniter->runController()
 3 SYSTEMPATH/CodeIgniter.php(368): CodeIgniter\CodeIgniter->handleRequest()
 4 FCPATH/index.php(67): CodeIgniter\CodeIgniter->run()
 5 SYSTEMPATH/Commands/Server/rewrite.php(47): require_once('/var/www/ordem/public/index.php')
CRITICAL - 2023-06-19 13:41:54 --> Argument 1 passed to App\Controllers\Grupos::permissoes() must be of the type int or null, string given, called in /var/www/ordem/system/CodeIgniter.php on line 934
in APPPATH/Controllers/Grupos.php on line 311.
 1 SYSTEMPATH/CodeIgniter.php(934): App\Controllers\Grupos->permissoes()
 2 SYSTEMPATH/CodeIgniter.php(499): CodeIgniter\CodeIgniter->runController()
 3 SYSTEMPATH/CodeIgniter.php(368): CodeIgniter\CodeIgniter->handleRequest()
 4 FCPATH/index.php(67): CodeIgniter\CodeIgniter->run()
 5 SYSTEMPATH/Commands/Server/rewrite.php(47): require_once('/var/www/ordem/public/index.php')
CRITICAL - 2023-06-19 13:41:54 --> Argument 1 passed to App\Controllers\Grupos::permissoes() must be of the type int or null, string given, called in /var/www/ordem/system/CodeIgniter.php on line 934
in APPPATH/Controllers/Grupos.php on line 311.
 1 SYSTEMPATH/CodeIgniter.php(934): App\Controllers\Grupos->permissoes()
 2 SYSTEMPATH/CodeIgniter.php(499): CodeIgniter\CodeIgniter->runController()
 3 SYSTEMPATH/CodeIgniter.php(368): CodeIgniter\CodeIgniter->handleRequest()
 4 FCPATH/index.php(67): CodeIgniter\CodeIgniter->run()
 5 SYSTEMPATH/Commands/Server/rewrite.php(47): require_once('/var/www/ordem/public/index.php')
CRITICAL - 2023-06-19 13:41:54 --> Argument 1 passed to App\Controllers\Grupos::permissoes() must be of the type int or null, string given, called in /var/www/ordem/system/CodeIgniter.php on line 934
in APPPATH/Controllers/Grupos.php on line 311.
 1 SYSTEMPATH/CodeIgniter.php(934): App\Controllers\Grupos->permissoes()
 2 SYSTEMPATH/CodeIgniter.php(499): CodeIgniter\CodeIgniter->runController()
 3 SYSTEMPATH/CodeIgniter.php(368): CodeIgniter\CodeIgniter->handleRequest()
 4 FCPATH/index.php(67): CodeIgniter\CodeIgniter->run()
 5 SYSTEMPATH/Commands/Server/rewrite.php(47): require_once('/var/www/ordem/public/index.php')
CRITICAL - 2023-06-19 13:41:54 --> Argument 1 passed to App\Controllers\Grupos::permissoes() must be of the type int or null, string given, called in /var/www/ordem/system/CodeIgniter.php on line 934
in APPPATH/Controllers/Grupos.php on line 311.
 1 SYSTEMPATH/CodeIgniter.php(934): App\Controllers\Grupos->permissoes()
 2 SYSTEMPATH/CodeIgniter.php(499): CodeIgniter\CodeIgniter->runController()
 3 SYSTEMPATH/CodeIgniter.php(368): CodeIgniter\CodeIgniter->handleRequest()
 4 FCPATH/index.php(67): CodeIgniter\CodeIgniter->run()
 5 SYSTEMPATH/Commands/Server/rewrite.php(47): require_once('/var/www/ordem/public/index.php')
CRITICAL - 2023-06-19 13:41:55 --> Argument 1 passed to App\Controllers\Grupos::permissoes() must be of the type int or null, string given, called in /var/www/ordem/system/CodeIgniter.php on line 934
in APPPATH/Controllers/Grupos.php on line 311.
 1 SYSTEMPATH/CodeIgniter.php(934): App\Controllers\Grupos->permissoes()
 2 SYSTEMPATH/CodeIgniter.php(499): CodeIgniter\CodeIgniter->runController()
 3 SYSTEMPATH/CodeIgniter.php(368): CodeIgniter\CodeIgniter->handleRequest()
 4 FCPATH/index.php(67): CodeIgniter\CodeIgniter->run()
 5 SYSTEMPATH/Commands/Server/rewrite.php(47): require_once('/var/www/ordem/public/index.php')
CRITICAL - 2023-06-19 13:41:55 --> Argument 1 passed to App\Controllers\Grupos::permissoes() must be of the type int or null, string given, called in /var/www/ordem/system/CodeIgniter.php on line 934
in APPPATH/Controllers/Grupos.php on line 311.
 1 SYSTEMPATH/CodeIgniter.php(934): App\Controllers\Grupos->permissoes()
 2 SYSTEMPATH/CodeIgniter.php(499): CodeIgniter\CodeIgniter->runController()
 3 SYSTEMPATH/CodeIgniter.php(368): CodeIgniter\CodeIgniter->handleRequest()
 4 FCPATH/index.php(67): CodeIgniter\CodeIgniter->run()
 5 SYSTEMPATH/Commands/Server/rewrite.php(47): require_once('/var/www/ordem/public/index.php')
CRITICAL - 2023-06-19 13:41:55 --> Argument 1 passed to App\Controllers\Grupos::permissoes() must be of the type int or null, string given, called in /var/www/ordem/system/CodeIgniter.php on line 934
in APPPATH/Controllers/Grupos.php on line 311.
 1 SYSTEMPATH/CodeIgniter.php(934): App\Controllers\Grupos->permissoes()
 2 SYSTEMPATH/CodeIgniter.php(499): CodeIgniter\CodeIgniter->runController()
 3 SYSTEMPATH/CodeIgniter.php(368): CodeIgniter\CodeIgniter->handleRequest()
 4 FCPATH/index.php(67): CodeIgniter\CodeIgniter->run()
 5 SYSTEMPATH/Commands/Server/rewrite.php(47): require_once('/var/www/ordem/public/index.php')
INFO - 2023-06-19 13:42:02 --> Session: Class initialized using 'CodeIgniter\Session\Handlers\FileHandler' driver.
INFO - 2023-06-19 13:42:07 --> Session: Class initialized using 'CodeIgniter\Session\Handlers\FileHandler' driver.
INFO - 2023-06-19 13:43:37 --> Session: Class initialized using 'CodeIgniter\Session\Handlers\FileHandler' driver.
INFO - 2023-06-19 13:43:48 --> Session: Class initialized using 'CodeIgniter\Session\Handlers\FileHandler' driver.
INFO - 2023-06-19 13:43:50 --> Session: Class initialized using 'CodeIgniter\Session\Handlers\FileHandler' driver.
CRITICAL - 2023-06-19 13:43:51 --> Argument 1 passed to App\Controllers\Usuarios::exibir() must be of the type int or null, string given, called in /var/www/ordem/system/CodeIgniter.php on line 934
in APPPATH/Controllers/Usuarios.php on line 179.
 1 SYSTEMPATH/CodeIgniter.php(934): App\Controllers\Usuarios->exibir()
 2 SYSTEMPATH/CodeIgniter.php(499): CodeIgniter\CodeIgniter->runController()
 3 SYSTEMPATH/CodeIgniter.php(368): CodeIgniter\CodeIgniter->handleRequest()
 4 FCPATH/index.php(67): CodeIgniter\CodeIgniter->run()
 5 SYSTEMPATH/Commands/Server/rewrite.php(47): require_once('/var/www/ordem/public/index.php')
CRITICAL - 2023-06-19 13:43:51 --> Argument 1 passed to App\Controllers\Usuarios::exibir() must be of the type int or null, string given, called in /var/www/ordem/system/CodeIgniter.php on line 934
in APPPATH/Controllers/Usuarios.php on line 179.
 1 SYSTEMPATH/CodeIgniter.php(934): App\Controllers\Usuarios->exibir()
 2 SYSTEMPATH/CodeIgniter.php(499): CodeIgniter\CodeIgniter->runController()
 3 SYSTEMPATH/CodeIgniter.php(368): CodeIgniter\CodeIgniter->handleRequest()
 4 FCPATH/index.php(67): CodeIgniter\CodeIgniter->run()
 5 SYSTEMPATH/Commands/Server/rewrite.php(47): require_once('/var/www/ordem/public/index.php')
CRITICAL - 2023-06-19 13:43:51 --> Argument 1 passed to App\Controllers\Usuarios::exibir() must be of the type int or null, string given, called in /var/www/ordem/system/CodeIgniter.php on line 934
in APPPATH/Controllers/Usuarios.php on line 179.
 1 SYSTEMPATH/CodeIgniter.php(934): App\Controllers\Usuarios->exibir()
 2 SYSTEMPATH/CodeIgniter.php(499): CodeIgniter\CodeIgniter->runController()
 3 SYSTEMPATH/CodeIgniter.php(368): CodeIgniter\CodeIgniter->handleRequest()
 4 FCPATH/index.php(67): CodeIgniter\CodeIgniter->run()
 5 SYSTEMPATH/Commands/Server/rewrite.php(47): require_once('/var/www/ordem/public/index.php')
CRITICAL - 2023-06-19 13:43:51 --> Argument 1 passed to App\Controllers\Usuarios::exibir() must be of the type int or null, string given, called in /var/www/ordem/system/CodeIgniter.php on line 934
in APPPATH/Controllers/Usuarios.php on line 179.
 1 SYSTEMPATH/CodeIgniter.php(934): App\Controllers\Usuarios->exibir()
 2 SYSTEMPATH/CodeIgniter.php(499): CodeIgniter\CodeIgniter->runController()
 3 SYSTEMPATH/CodeIgniter.php(368): CodeIgniter\CodeIgniter->handleRequest()
 4 FCPATH/index.php(67): CodeIgniter\CodeIgniter->run()
 5 SYSTEMPATH/Commands/Server/rewrite.php(47): require_once('/var/www/ordem/public/index.php')
CRITICAL - 2023-06-19 13:43:51 --> Argument 1 passed to App\Controllers\Usuarios::exibir() must be of the type int or null, string given, called in /var/www/ordem/system/CodeIgniter.php on line 934
in APPPATH/Controllers/Usuarios.php on line 179.
 1 SYSTEMPATH/CodeIgniter.php(934): App\Controllers\Usuarios->exibir()
 2 SYSTEMPATH/CodeIgniter.php(499): CodeIgniter\CodeIgniter->runController()
 3 SYSTEMPATH/CodeIgniter.php(368): CodeIgniter\CodeIgniter->handleRequest()
 4 FCPATH/index.php(67): CodeIgniter\CodeIgniter->run()
 5 SYSTEMPATH/Commands/Server/rewrite.php(47): require_once('/var/www/ordem/public/index.php')
CRITICAL - 2023-06-19 13:43:51 --> Argument 1 passed to App\Controllers\Usuarios::exibir() must be of the type int or null, string given, called in /var/www/ordem/system/CodeIgniter.php on line 934
in APPPATH/Controllers/Usuarios.php on line 179.
 1 SYSTEMPATH/CodeIgniter.php(934): App\Controllers\Usuarios->exibir()
 2 SYSTEMPATH/CodeIgniter.php(499): CodeIgniter\CodeIgniter->runController()
 3 SYSTEMPATH/CodeIgniter.php(368): CodeIgniter\CodeIgniter->handleRequest()
 4 FCPATH/index.php(67): CodeIgniter\CodeIgniter->run()
 5 SYSTEMPATH/Commands/Server/rewrite.php(47): require_once('/var/www/ordem/public/index.php')
CRITICAL - 2023-06-19 13:43:51 --> Argument 1 passed to App\Controllers\Usuarios::exibir() must be of the type int or null, string given, called in /var/www/ordem/system/CodeIgniter.php on line 934
in APPPATH/Controllers/Usuarios.php on line 179.
 1 SYSTEMPATH/CodeIgniter.php(934): App\Controllers\Usuarios->exibir()
 2 SYSTEMPATH/CodeIgniter.php(499): CodeIgniter\CodeIgniter->runController()
 3 SYSTEMPATH/CodeIgniter.php(368): CodeIgniter\CodeIgniter->handleRequest()
 4 FCPATH/index.php(67): CodeIgniter\CodeIgniter->run()
 5 SYSTEMPATH/Commands/Server/rewrite.php(47): require_once('/var/www/ordem/public/index.php')
CRITICAL - 2023-06-19 13:43:51 --> Argument 1 passed to App\Controllers\Usuarios::exibir() must be of the type int or null, string given, called in /var/www/ordem/system/CodeIgniter.php on line 934
in APPPATH/Controllers/Usuarios.php on line 179.
 1 SYSTEMPATH/CodeIgniter.php(934): App\Controllers\Usuarios->exibir()
 2 SYSTEMPATH/CodeIgniter.php(499): CodeIgniter\CodeIgniter->runController()
 3 SYSTEMPATH/CodeIgniter.php(368): CodeIgniter\CodeIgniter->handleRequest()
 4 FCPATH/index.php(67): CodeIgniter\CodeIgniter->run()
 5 SYSTEMPATH/Commands/Server/rewrite.php(47): require_once('/var/www/ordem/public/index.php')
CRITICAL - 2023-06-19 13:43:51 --> Argument 1 passed to App\Controllers\Usuarios::exibir() must be of the type int or null, string given, called in /var/www/ordem/system/CodeIgniter.php on line 934
in APPPATH/Controllers/Usuarios.php on line 179.
 1 SYSTEMPATH/CodeIgniter.php(934): App\Controllers\Usuarios->exibir()
 2 SYSTEMPATH/CodeIgniter.php(499): CodeIgniter\CodeIgniter->runController()
 3 SYSTEMPATH/CodeIgniter.php(368): CodeIgniter\CodeIgniter->handleRequest()
 4 FCPATH/index.php(67): CodeIgniter\CodeIgniter->run()
 5 SYSTEMPATH/Commands/Server/rewrite.php(47): require_once('/var/www/ordem/public/index.php')
INFO - 2023-06-19 13:43:52 --> Session: Class initialized using 'CodeIgniter\Session\Handlers\FileHandler' driver.
CRITICAL - 2023-06-19 13:43:52 --> Argument 1 passed to App\Controllers\Usuarios::grupos() must be of the type int or null, string given, called in /var/www/ordem/system/CodeIgniter.php on line 934
in APPPATH/Controllers/Usuarios.php on line 473.
 1 SYSTEMPATH/CodeIgniter.php(934): App\Controllers\Usuarios->grupos()
 2 SYSTEMPATH/CodeIgniter.php(499): CodeIgniter\CodeIgniter->runController()
 3 SYSTEMPATH/CodeIgniter.php(368): CodeIgniter\CodeIgniter->handleRequest()
 4 FCPATH/index.php(67): CodeIgniter\CodeIgniter->run()
 5 SYSTEMPATH/Commands/Server/rewrite.php(47): require_once('/var/www/ordem/public/index.php')
CRITICAL - 2023-06-19 13:43:52 --> Argument 1 passed to App\Controllers\Usuarios::grupos() must be of the type int or null, string given, called in /var/www/ordem/system/CodeIgniter.php on line 934
in APPPATH/Controllers/Usuarios.php on line 473.
 1 SYSTEMPATH/CodeIgniter.php(934): App\Controllers\Usuarios->grupos()
 2 SYSTEMPATH/CodeIgniter.php(499): CodeIgniter\CodeIgniter->runController()
 3 SYSTEMPATH/CodeIgniter.php(368): CodeIgniter\CodeIgniter->handleRequest()
 4 FCPATH/index.php(67): CodeIgniter\CodeIgniter->run()
 5 SYSTEMPATH/Commands/Server/rewrite.php(47): require_once('/var/www/ordem/public/index.php')
CRITICAL - 2023-06-19 13:43:52 --> Argument 1 passed to App\Controllers\Usuarios::grupos() must be of the type int or null, string given, called in /var/www/ordem/system/CodeIgniter.php on line 934
in APPPATH/Controllers/Usuarios.php on line 473.
 1 SYSTEMPATH/CodeIgniter.php(934): App\Controllers\Usuarios->grupos()
 2 SYSTEMPATH/CodeIgniter.php(499): CodeIgniter\CodeIgniter->runController()
 3 SYSTEMPATH/CodeIgniter.php(368): CodeIgniter\CodeIgniter->handleRequest()
 4 FCPATH/index.php(67): CodeIgniter\CodeIgniter->run()
 5 SYSTEMPATH/Commands/Server/rewrite.php(47): require_once('/var/www/ordem/public/index.php')
CRITICAL - 2023-06-19 13:43:52 --> Argument 1 passed to App\Controllers\Usuarios::grupos() must be of the type int or null, string given, called in /var/www/ordem/system/CodeIgniter.php on line 934
in APPPATH/Controllers/Usuarios.php on line 473.
 1 SYSTEMPATH/CodeIgniter.php(934): App\Controllers\Usuarios->grupos()
 2 SYSTEMPATH/CodeIgniter.php(499): CodeIgniter\CodeIgniter->runController()
 3 SYSTEMPATH/CodeIgniter.php(368): CodeIgniter\CodeIgniter->handleRequest()
 4 FCPATH/index.php(67): CodeIgniter\CodeIgniter->run()
 5 SYSTEMPATH/Commands/Server/rewrite.php(47): require_once('/var/www/ordem/public/index.php')
CRITICAL - 2023-06-19 13:43:52 --> Argument 1 passed to App\Controllers\Usuarios::grupos() must be of the type int or null, string given, called in /var/www/ordem/system/CodeIgniter.php on line 934
in APPPATH/Controllers/Usuarios.php on line 473.
 1 SYSTEMPATH/CodeIgniter.php(934): App\Controllers\Usuarios->grupos()
 2 SYSTEMPATH/CodeIgniter.php(499): CodeIgniter\CodeIgniter->runController()
 3 SYSTEMPATH/CodeIgniter.php(368): CodeIgniter\CodeIgniter->handleRequest()
 4 FCPATH/index.php(67): CodeIgniter\CodeIgniter->run()
 5 SYSTEMPATH/Commands/Server/rewrite.php(47): require_once('/var/www/ordem/public/index.php')
CRITICAL - 2023-06-19 13:43:52 --> Argument 1 passed to App\Controllers\Usuarios::grupos() must be of the type int or null, string given, called in /var/www/ordem/system/CodeIgniter.php on line 934
in APPPATH/Controllers/Usuarios.php on line 473.
 1 SYSTEMPATH/CodeIgniter.php(934): App\Controllers\Usuarios->grupos()
 2 SYSTEMPATH/CodeIgniter.php(499): CodeIgniter\CodeIgniter->runController()
 3 SYSTEMPATH/CodeIgniter.php(368): CodeIgniter\CodeIgniter->handleRequest()
 4 FCPATH/index.php(67): CodeIgniter\CodeIgniter->run()
 5 SYSTEMPATH/Commands/Server/rewrite.php(47): require_once('/var/www/ordem/public/index.php')
CRITICAL - 2023-06-19 13:43:52 --> Argument 1 passed to App\Controllers\Usuarios::grupos() must be of the type int or null, string given, called in /var/www/ordem/system/CodeIgniter.php on line 934
in APPPATH/Controllers/Usuarios.php on line 473.
 1 SYSTEMPATH/CodeIgniter.php(934): App\Controllers\Usuarios->grupos()
 2 SYSTEMPATH/CodeIgniter.php(499): CodeIgniter\CodeIgniter->runController()
 3 SYSTEMPATH/CodeIgniter.php(368): CodeIgniter\CodeIgniter->handleRequest()
 4 FCPATH/index.php(67): CodeIgniter\CodeIgniter->run()
 5 SYSTEMPATH/Commands/Server/rewrite.php(47): require_once('/var/www/ordem/public/index.php')
CRITICAL - 2023-06-19 13:43:52 --> Argument 1 passed to App\Controllers\Usuarios::grupos() must be of the type int or null, string given, called in /var/www/ordem/system/CodeIgniter.php on line 934
in APPPATH/Controllers/Usuarios.php on line 473.
 1 SYSTEMPATH/CodeIgniter.php(934): App\Controllers\Usuarios->grupos()
 2 SYSTEMPATH/CodeIgniter.php(499): CodeIgniter\CodeIgniter->runController()
 3 SYSTEMPATH/CodeIgniter.php(368): CodeIgniter\CodeIgniter->handleRequest()
 4 FCPATH/index.php(67): CodeIgniter\CodeIgniter->run()
 5 SYSTEMPATH/Commands/Server/rewrite.php(47): require_once('/var/www/ordem/public/index.php')
CRITICAL - 2023-06-19 13:43:53 --> Argument 1 passed to App\Controllers\Usuarios::grupos() must be of the type int or null, string given, called in /var/www/ordem/system/CodeIgniter.php on line 934
in APPPATH/Controllers/Usuarios.php on line 473.
 1 SYSTEMPATH/CodeIgniter.php(934): App\Controllers\Usuarios->grupos()
 2 SYSTEMPATH/CodeIgniter.php(499): CodeIgniter\CodeIgniter->runController()
 3 SYSTEMPATH/CodeIgniter.php(368): CodeIgniter\CodeIgniter->handleRequest()
 4 FCPATH/index.php(67): CodeIgniter\CodeIgniter->run()
 5 SYSTEMPATH/Commands/Server/rewrite.php(47): require_once('/var/www/ordem/public/index.php')
INFO - 2023-06-19 13:43:56 --> CSRF token verified.
INFO - 2023-06-19 13:43:56 --> Session: Class initialized using 'CodeIgniter\Session\Handlers\FileHandler' driver.
INFO - 2023-06-19 13:43:56 --> Session: Class initialized using 'CodeIgniter\Session\Handlers\FileHandler' driver.
CRITICAL - 2023-06-19 13:43:56 --> Argument 1 passed to App\Controllers\Usuarios::grupos() must be of the type int or null, string given, called in /var/www/ordem/system/CodeIgniter.php on line 934
in APPPATH/Controllers/Usuarios.php on line 473.
 1 SYSTEMPATH/CodeIgniter.php(934): App\Controllers\Usuarios->grupos()
 2 SYSTEMPATH/CodeIgniter.php(499): CodeIgniter\CodeIgniter->runController()
 3 SYSTEMPATH/CodeIgniter.php(368): CodeIgniter\CodeIgniter->handleRequest()
 4 FCPATH/index.php(67): CodeIgniter\CodeIgniter->run()
 5 SYSTEMPATH/Commands/Server/rewrite.php(47): require_once('/var/www/ordem/public/index.php')
CRITICAL - 2023-06-19 13:43:56 --> Argument 1 passed to App\Controllers\Usuarios::grupos() must be of the type int or null, string given, called in /var/www/ordem/system/CodeIgniter.php on line 934
in APPPATH/Controllers/Usuarios.php on line 473.
 1 SYSTEMPATH/CodeIgniter.php(934): App\Controllers\Usuarios->grupos()
 2 SYSTEMPATH/CodeIgniter.php(499): CodeIgniter\CodeIgniter->runController()
 3 SYSTEMPATH/CodeIgniter.php(368): CodeIgniter\CodeIgniter->handleRequest()
 4 FCPATH/index.php(67): CodeIgniter\CodeIgniter->run()
 5 SYSTEMPATH/Commands/Server/rewrite.php(47): require_once('/var/www/ordem/public/index.php')
CRITICAL - 2023-06-19 13:43:56 --> Argument 1 passed to App\Controllers\Usuarios::grupos() must be of the type int or null, string given, called in /var/www/ordem/system/CodeIgniter.php on line 934
in APPPATH/Controllers/Usuarios.php on line 473.
 1 SYSTEMPATH/CodeIgniter.php(934): App\Controllers\Usuarios->grupos()
 2 SYSTEMPATH/CodeIgniter.php(499): CodeIgniter\CodeIgniter->runController()
 3 SYSTEMPATH/CodeIgniter.php(368): CodeIgniter\CodeIgniter->handleRequest()
 4 FCPATH/index.php(67): CodeIgniter\CodeIgniter->run()
 5 SYSTEMPATH/Commands/Server/rewrite.php(47): require_once('/var/www/ordem/public/index.php')
CRITICAL - 2023-06-19 13:43:56 --> Argument 1 passed to App\Controllers\Usuarios::grupos() must be of the type int or null, string given, called in /var/www/ordem/system/CodeIgniter.php on line 934
in APPPATH/Controllers/Usuarios.php on line 473.
 1 SYSTEMPATH/CodeIgniter.php(934): App\Controllers\Usuarios->grupos()
 2 SYSTEMPATH/CodeIgniter.php(499): CodeIgniter\CodeIgniter->runController()
 3 SYSTEMPATH/CodeIgniter.php(368): CodeIgniter\CodeIgniter->handleRequest()
 4 FCPATH/index.php(67): CodeIgniter\CodeIgniter->run()
 5 SYSTEMPATH/Commands/Server/rewrite.php(47): require_once('/var/www/ordem/public/index.php')
CRITICAL - 2023-06-19 13:43:56 --> Argument 1 passed to App\Controllers\Usuarios::grupos() must be of the type int or null, string given, called in /var/www/ordem/system/CodeIgniter.php on line 934
in APPPATH/Controllers/Usuarios.php on line 473.
 1 SYSTEMPATH/CodeIgniter.php(934): App\Controllers\Usuarios->grupos()
 2 SYSTEMPATH/CodeIgniter.php(499): CodeIgniter\CodeIgniter->runController()
 3 SYSTEMPATH/CodeIgniter.php(368): CodeIgniter\CodeIgniter->handleRequest()
 4 FCPATH/index.php(67): CodeIgniter\CodeIgniter->run()
 5 SYSTEMPATH/Commands/Server/rewrite.php(47): require_once('/var/www/ordem/public/index.php')
CRITICAL - 2023-06-19 13:43:56 --> Argument 1 passed to App\Controllers\Usuarios::grupos() must be of the type int or null, string given, called in /var/www/ordem/system/CodeIgniter.php on line 934
in APPPATH/Controllers/Usuarios.php on line 473.
 1 SYSTEMPATH/CodeIgniter.php(934): App\Controllers\Usuarios->grupos()
 2 SYSTEMPATH/CodeIgniter.php(499): CodeIgniter\CodeIgniter->runController()
 3 SYSTEMPATH/CodeIgniter.php(368): CodeIgniter\CodeIgniter->handleRequest()
 4 FCPATH/index.php(67): CodeIgniter\CodeIgniter->run()
 5 SYSTEMPATH/Commands/Server/rewrite.php(47): require_once('/var/www/ordem/public/index.php')
CRITICAL - 2023-06-19 13:43:56 --> Argument 1 passed to App\Controllers\Usuarios::grupos() must be of the type int or null, string given, called in /var/www/ordem/system/CodeIgniter.php on line 934
in APPPATH/Controllers/Usuarios.php on line 473.
 1 SYSTEMPATH/CodeIgniter.php(934): App\Controllers\Usuarios->grupos()
 2 SYSTEMPATH/CodeIgniter.php(499): CodeIgniter\CodeIgniter->runController()
 3 SYSTEMPATH/CodeIgniter.php(368): CodeIgniter\CodeIgniter->handleRequest()
 4 FCPATH/index.php(67): CodeIgniter\CodeIgniter->run()
 5 SYSTEMPATH/Commands/Server/rewrite.php(47): require_once('/var/www/ordem/public/index.php')
CRITICAL - 2023-06-19 13:43:56 --> Argument 1 passed to App\Controllers\Usuarios::grupos() must be of the type int or null, string given, called in /var/www/ordem/system/CodeIgniter.php on line 934
in APPPATH/Controllers/Usuarios.php on line 473.
 1 SYSTEMPATH/CodeIgniter.php(934): App\Controllers\Usuarios->grupos()
 2 SYSTEMPATH/CodeIgniter.php(499): CodeIgniter\CodeIgniter->runController()
 3 SYSTEMPATH/CodeIgniter.php(368): CodeIgniter\CodeIgniter->handleRequest()
 4 FCPATH/index.php(67): CodeIgniter\CodeIgniter->run()
 5 SYSTEMPATH/Commands/Server/rewrite.php(47): require_once('/var/www/ordem/public/index.php')
CRITICAL - 2023-06-19 13:43:56 --> Argument 1 passed to App\Controllers\Usuarios::grupos() must be of the type int or null, string given, called in /var/www/ordem/system/CodeIgniter.php on line 934
in APPPATH/Controllers/Usuarios.php on line 473.
 1 SYSTEMPATH/CodeIgniter.php(934): App\Controllers\Usuarios->grupos()
 2 SYSTEMPATH/CodeIgniter.php(499): CodeIgniter\CodeIgniter->runController()
 3 SYSTEMPATH/CodeIgniter.php(368): CodeIgniter\CodeIgniter->handleRequest()
 4 FCPATH/index.php(67): CodeIgniter\CodeIgniter->run()
 5 SYSTEMPATH/Commands/Server/rewrite.php(47): require_once('/var/www/ordem/public/index.php')
INFO - 2023-06-19 13:43:57 --> Session: Class initialized using 'CodeIgniter\Session\Handlers\FileHandler' driver.
INFO - 2023-06-19 13:43:59 --> Session: Class initialized using 'CodeIgniter\Session\Handlers\FileHandler' driver.
INFO - 2023-06-19 13:43:59 --> Session: Class initialized using 'CodeIgniter\Session\Handlers\FileHandler' driver.
CRITICAL - 2023-06-19 13:43:59 --> Argument 1 passed to App\Controllers\Grupos::exibir() must be of the type int or null, string given, called in /var/www/ordem/system/CodeIgniter.php on line 934
in APPPATH/Controllers/Grupos.php on line 145.
 1 SYSTEMPATH/CodeIgniter.php(934): App\Controllers\Grupos->exibir()
 2 SYSTEMPATH/CodeIgniter.php(499): CodeIgniter\CodeIgniter->runController()
 3 SYSTEMPATH/CodeIgniter.php(368): CodeIgniter\CodeIgniter->handleRequest()
 4 FCPATH/index.php(67): CodeIgniter\CodeIgniter->run()
 5 SYSTEMPATH/Commands/Server/rewrite.php(47): require_once('/var/www/ordem/public/index.php')
CRITICAL - 2023-06-19 13:43:59 --> Argument 1 passed to App\Controllers\Grupos::exibir() must be of the type int or null, string given, called in /var/www/ordem/system/CodeIgniter.php on line 934
in APPPATH/Controllers/Grupos.php on line 145.
 1 SYSTEMPATH/CodeIgniter.php(934): App\Controllers\Grupos->exibir()
 2 SYSTEMPATH/CodeIgniter.php(499): CodeIgniter\CodeIgniter->runController()
 3 SYSTEMPATH/CodeIgniter.php(368): CodeIgniter\CodeIgniter->handleRequest()
 4 FCPATH/index.php(67): CodeIgniter\CodeIgniter->run()
 5 SYSTEMPATH/Commands/Server/rewrite.php(47): require_once('/var/www/ordem/public/index.php')
CRITICAL - 2023-06-19 13:43:59 --> Argument 1 passed to App\Controllers\Grupos::exibir() must be of the type int or null, string given, called in /var/www/ordem/system/CodeIgniter.php on line 934
in APPPATH/Controllers/Grupos.php on line 145.
 1 SYSTEMPATH/CodeIgniter.php(934): App\Controllers\Grupos->exibir()
 2 SYSTEMPATH/CodeIgniter.php(499): CodeIgniter\CodeIgniter->runController()
 3 SYSTEMPATH/CodeIgniter.php(368): CodeIgniter\CodeIgniter->handleRequest()
 4 FCPATH/index.php(67): CodeIgniter\CodeIgniter->run()
 5 SYSTEMPATH/Commands/Server/rewrite.php(47): require_once('/var/www/ordem/public/index.php')
CRITICAL - 2023-06-19 13:43:59 --> Argument 1 passed to App\Controllers\Grupos::exibir() must be of the type int or null, string given, called in /var/www/ordem/system/CodeIgniter.php on line 934
in APPPATH/Controllers/Grupos.php on line 145.
 1 SYSTEMPATH/CodeIgniter.php(934): App\Controllers\Grupos->exibir()
 2 SYSTEMPATH/CodeIgniter.php(499): CodeIgniter\CodeIgniter->runController()
 3 SYSTEMPATH/CodeIgniter.php(368): CodeIgniter\CodeIgniter->handleRequest()
 4 FCPATH/index.php(67): CodeIgniter\CodeIgniter->run()
 5 SYSTEMPATH/Commands/Server/rewrite.php(47): require_once('/var/www/ordem/public/index.php')
CRITICAL - 2023-06-19 13:43:59 --> Argument 1 passed to App\Controllers\Grupos::exibir() must be of the type int or null, string given, called in /var/www/ordem/system/CodeIgniter.php on line 934
in APPPATH/Controllers/Grupos.php on line 145.
 1 SYSTEMPATH/CodeIgniter.php(934): App\Controllers\Grupos->exibir()
 2 SYSTEMPATH/CodeIgniter.php(499): CodeIgniter\CodeIgniter->runController()
 3 SYSTEMPATH/CodeIgniter.php(368): CodeIgniter\CodeIgniter->handleRequest()
 4 FCPATH/index.php(67): CodeIgniter\CodeIgniter->run()
 5 SYSTEMPATH/Commands/Server/rewrite.php(47): require_once('/var/www/ordem/public/index.php')
CRITICAL - 2023-06-19 13:43:59 --> Argument 1 passed to App\Controllers\Grupos::exibir() must be of the type int or null, string given, called in /var/www/ordem/system/CodeIgniter.php on line 934
in APPPATH/Controllers/Grupos.php on line 145.
 1 SYSTEMPATH/CodeIgniter.php(934): App\Controllers\Grupos->exibir()
 2 SYSTEMPATH/CodeIgniter.php(499): CodeIgniter\CodeIgniter->runController()
 3 SYSTEMPATH/CodeIgniter.php(368): CodeIgniter\CodeIgniter->handleRequest()
 4 FCPATH/index.php(67): CodeIgniter\CodeIgniter->run()
 5 SYSTEMPATH/Commands/Server/rewrite.php(47): require_once('/var/www/ordem/public/index.php')
CRITICAL - 2023-06-19 13:43:59 --> Argument 1 passed to App\Controllers\Grupos::exibir() must be of the type int or null, string given, called in /var/www/ordem/system/CodeIgniter.php on line 934
in APPPATH/Controllers/Grupos.php on line 145.
 1 SYSTEMPATH/CodeIgniter.php(934): App\Controllers\Grupos->exibir()
 2 SYSTEMPATH/CodeIgniter.php(499): CodeIgniter\CodeIgniter->runController()
 3 SYSTEMPATH/CodeIgniter.php(368): CodeIgniter\CodeIgniter->handleRequest()
 4 FCPATH/index.php(67): CodeIgniter\CodeIgniter->run()
 5 SYSTEMPATH/Commands/Server/rewrite.php(47): require_once('/var/www/ordem/public/index.php')
CRITICAL - 2023-06-19 13:43:59 --> Argument 1 passed to App\Controllers\Grupos::exibir() must be of the type int or null, string given, called in /var/www/ordem/system/CodeIgniter.php on line 934
in APPPATH/Controllers/Grupos.php on line 145.
 1 SYSTEMPATH/CodeIgniter.php(934): App\Controllers\Grupos->exibir()
 2 SYSTEMPATH/CodeIgniter.php(499): CodeIgniter\CodeIgniter->runController()
 3 SYSTEMPATH/CodeIgniter.php(368): CodeIgniter\CodeIgniter->handleRequest()
 4 FCPATH/index.php(67): CodeIgniter\CodeIgniter->run()
 5 SYSTEMPATH/Commands/Server/rewrite.php(47): require_once('/var/www/ordem/public/index.php')
CRITICAL - 2023-06-19 13:43:59 --> Argument 1 passed to App\Controllers\Grupos::exibir() must be of the type int or null, string given, called in /var/www/ordem/system/CodeIgniter.php on line 934
in APPPATH/Controllers/Grupos.php on line 145.
 1 SYSTEMPATH/CodeIgniter.php(934): App\Controllers\Grupos->exibir()
 2 SYSTEMPATH/CodeIgniter.php(499): CodeIgniter\CodeIgniter->runController()
 3 SYSTEMPATH/CodeIgniter.php(368): CodeIgniter\CodeIgniter->handleRequest()
 4 FCPATH/index.php(67): CodeIgniter\CodeIgniter->run()
 5 SYSTEMPATH/Commands/Server/rewrite.php(47): require_once('/var/www/ordem/public/index.php')
INFO - 2023-06-19 13:44:00 --> Session: Class initialized using 'CodeIgniter\Session\Handlers\FileHandler' driver.
CRITICAL - 2023-06-19 13:44:00 --> Argument 1 passed to App\Controllers\Grupos::permissoes() must be of the type int or null, string given, called in /var/www/ordem/system/CodeIgniter.php on line 934
in APPPATH/Controllers/Grupos.php on line 311.
 1 SYSTEMPATH/CodeIgniter.php(934): App\Controllers\Grupos->permissoes()
 2 SYSTEMPATH/CodeIgniter.php(499): CodeIgniter\CodeIgniter->runController()
 3 SYSTEMPATH/CodeIgniter.php(368): CodeIgniter\CodeIgniter->handleRequest()
 4 FCPATH/index.php(67): CodeIgniter\CodeIgniter->run()
 5 SYSTEMPATH/Commands/Server/rewrite.php(47): require_once('/var/www/ordem/public/index.php')
CRITICAL - 2023-06-19 13:44:00 --> Argument 1 passed to App\Controllers\Grupos::permissoes() must be of the type int or null, string given, called in /var/www/ordem/system/CodeIgniter.php on line 934
in APPPATH/Controllers/Grupos.php on line 311.
 1 SYSTEMPATH/CodeIgniter.php(934): App\Controllers\Grupos->permissoes()
 2 SYSTEMPATH/CodeIgniter.php(499): CodeIgniter\CodeIgniter->runController()
 3 SYSTEMPATH/CodeIgniter.php(368): CodeIgniter\CodeIgniter->handleRequest()
 4 FCPATH/index.php(67): CodeIgniter\CodeIgniter->run()
 5 SYSTEMPATH/Commands/Server/rewrite.php(47): require_once('/var/www/ordem/public/index.php')
CRITICAL - 2023-06-19 13:44:00 --> Argument 1 passed to App\Controllers\Grupos::permissoes() must be of the type int or null, string given, called in /var/www/ordem/system/CodeIgniter.php on line 934
in APPPATH/Controllers/Grupos.php on line 311.
 1 SYSTEMPATH/CodeIgniter.php(934): App\Controllers\Grupos->permissoes()
 2 SYSTEMPATH/CodeIgniter.php(499): CodeIgniter\CodeIgniter->runController()
 3 SYSTEMPATH/CodeIgniter.php(368): CodeIgniter\CodeIgniter->handleRequest()
 4 FCPATH/index.php(67): CodeIgniter\CodeIgniter->run()
 5 SYSTEMPATH/Commands/Server/rewrite.php(47): require_once('/var/www/ordem/public/index.php')
CRITICAL - 2023-06-19 13:44:00 --> Argument 1 passed to App\Controllers\Grupos::permissoes() must be of the type int or null, string given, called in /var/www/ordem/system/CodeIgniter.php on line 934
in APPPATH/Controllers/Grupos.php on line 311.
 1 SYSTEMPATH/CodeIgniter.php(934): App\Controllers\Grupos->permissoes()
 2 SYSTEMPATH/CodeIgniter.php(499): CodeIgniter\CodeIgniter->runController()
 3 SYSTEMPATH/CodeIgniter.php(368): CodeIgniter\CodeIgniter->handleRequest()
 4 FCPATH/index.php(67): CodeIgniter\CodeIgniter->run()
 5 SYSTEMPATH/Commands/Server/rewrite.php(47): require_once('/var/www/ordem/public/index.php')
CRITICAL - 2023-06-19 13:44:00 --> Argument 1 passed to App\Controllers\Grupos::permissoes() must be of the type int or null, string given, called in /var/www/ordem/system/CodeIgniter.php on line 934
in APPPATH/Controllers/Grupos.php on line 311.
 1 SYSTEMPATH/CodeIgniter.php(934): App\Controllers\Grupos->permissoes()
 2 SYSTEMPATH/CodeIgniter.php(499): CodeIgniter\CodeIgniter->runController()
 3 SYSTEMPATH/CodeIgniter.php(368): CodeIgniter\CodeIgniter->handleRequest()
 4 FCPATH/index.php(67): CodeIgniter\CodeIgniter->run()
 5 SYSTEMPATH/Commands/Server/rewrite.php(47): require_once('/var/www/ordem/public/index.php')
CRITICAL - 2023-06-19 13:44:00 --> Argument 1 passed to App\Controllers\Grupos::permissoes() must be of the type int or null, string given, called in /var/www/ordem/system/CodeIgniter.php on line 934
in APPPATH/Controllers/Grupos.php on line 311.
 1 SYSTEMPATH/CodeIgniter.php(934): App\Controllers\Grupos->permissoes()
 2 SYSTEMPATH/CodeIgniter.php(499): CodeIgniter\CodeIgniter->runController()
 3 SYSTEMPATH/CodeIgniter.php(368): CodeIgniter\CodeIgniter->handleRequest()
 4 FCPATH/index.php(67): CodeIgniter\CodeIgniter->run()
 5 SYSTEMPATH/Commands/Server/rewrite.php(47): require_once('/var/www/ordem/public/index.php')
CRITICAL - 2023-06-19 13:44:01 --> Argument 1 passed to App\Controllers\Grupos::permissoes() must be of the type int or null, string given, called in /var/www/ordem/system/CodeIgniter.php on line 934
in APPPATH/Controllers/Grupos.php on line 311.
 1 SYSTEMPATH/CodeIgniter.php(934): App\Controllers\Grupos->permissoes()
 2 SYSTEMPATH/CodeIgniter.php(499): CodeIgniter\CodeIgniter->runController()
 3 SYSTEMPATH/CodeIgniter.php(368): CodeIgniter\CodeIgniter->handleRequest()
 4 FCPATH/index.php(67): CodeIgniter\CodeIgniter->run()
 5 SYSTEMPATH/Commands/Server/rewrite.php(47): require_once('/var/www/ordem/public/index.php')
CRITICAL - 2023-06-19 13:44:01 --> Argument 1 passed to App\Controllers\Grupos::permissoes() must be of the type int or null, string given, called in /var/www/ordem/system/CodeIgniter.php on line 934
in APPPATH/Controllers/Grupos.php on line 311.
 1 SYSTEMPATH/CodeIgniter.php(934): App\Controllers\Grupos->permissoes()
 2 SYSTEMPATH/CodeIgniter.php(499): CodeIgniter\CodeIgniter->runController()
 3 SYSTEMPATH/CodeIgniter.php(368): CodeIgniter\CodeIgniter->handleRequest()
 4 FCPATH/index.php(67): CodeIgniter\CodeIgniter->run()
 5 SYSTEMPATH/Commands/Server/rewrite.php(47): require_once('/var/www/ordem/public/index.php')
CRITICAL - 2023-06-19 13:44:01 --> Argument 1 passed to App\Controllers\Grupos::permissoes() must be of the type int or null, string given, called in /var/www/ordem/system/CodeIgniter.php on line 934
in APPPATH/Controllers/Grupos.php on line 311.
 1 SYSTEMPATH/CodeIgniter.php(934): App\Controllers\Grupos->permissoes()
 2 SYSTEMPATH/CodeIgniter.php(499): CodeIgniter\CodeIgniter->runController()
 3 SYSTEMPATH/CodeIgniter.php(368): CodeIgniter\CodeIgniter->handleRequest()
 4 FCPATH/index.php(67): CodeIgniter\CodeIgniter->run()
 5 SYSTEMPATH/Commands/Server/rewrite.php(47): require_once('/var/www/ordem/public/index.php')
INFO - 2023-06-19 13:44:03 --> CSRF token verified.
INFO - 2023-06-19 13:44:04 --> Session: Class initialized using 'CodeIgniter\Session\Handlers\FileHandler' driver.
INFO - 2023-06-19 13:44:04 --> Session: Class initialized using 'CodeIgniter\Session\Handlers\FileHandler' driver.
INFO - 2023-06-19 13:44:04 --> CSRF token verified.
INFO - 2023-06-19 13:44:04 --> Session: Class initialized using 'CodeIgniter\Session\Handlers\FileHandler' driver.
INFO - 2023-06-19 13:44:04 --> Session: Class initialized using 'CodeIgniter\Session\Handlers\FileHandler' driver.
CRITICAL - 2023-06-19 13:44:04 --> Argument 1 passed to App\Controllers\Grupos::exibir() must be of the type int or null, string given, called in /var/www/ordem/system/CodeIgniter.php on line 934
in APPPATH/Controllers/Grupos.php on line 145.
 1 SYSTEMPATH/CodeIgniter.php(934): App\Controllers\Grupos->exibir()
 2 SYSTEMPATH/CodeIgniter.php(499): CodeIgniter\CodeIgniter->runController()
 3 SYSTEMPATH/CodeIgniter.php(368): CodeIgniter\CodeIgniter->handleRequest()
 4 FCPATH/index.php(67): CodeIgniter\CodeIgniter->run()
 5 SYSTEMPATH/Commands/Server/rewrite.php(47): require_once('/var/www/ordem/public/index.php')
CRITICAL - 2023-06-19 13:44:04 --> Argument 1 passed to App\Controllers\Grupos::exibir() must be of the type int or null, string given, called in /var/www/ordem/system/CodeIgniter.php on line 934
in APPPATH/Controllers/Grupos.php on line 145.
 1 SYSTEMPATH/CodeIgniter.php(934): App\Controllers\Grupos->exibir()
 2 SYSTEMPATH/CodeIgniter.php(499): CodeIgniter\CodeIgniter->runController()
 3 SYSTEMPATH/CodeIgniter.php(368): CodeIgniter\CodeIgniter->handleRequest()
 4 FCPATH/index.php(67): CodeIgniter\CodeIgniter->run()
 5 SYSTEMPATH/Commands/Server/rewrite.php(47): require_once('/var/www/ordem/public/index.php')
CRITICAL - 2023-06-19 13:44:04 --> Argument 1 passed to App\Controllers\Grupos::exibir() must be of the type int or null, string given, called in /var/www/ordem/system/CodeIgniter.php on line 934
in APPPATH/Controllers/Grupos.php on line 145.
 1 SYSTEMPATH/CodeIgniter.php(934): App\Controllers\Grupos->exibir()
 2 SYSTEMPATH/CodeIgniter.php(499): CodeIgniter\CodeIgniter->runController()
 3 SYSTEMPATH/CodeIgniter.php(368): CodeIgniter\CodeIgniter->handleRequest()
 4 FCPATH/index.php(67): CodeIgniter\CodeIgniter->run()
 5 SYSTEMPATH/Commands/Server/rewrite.php(47): require_once('/var/www/ordem/public/index.php')
CRITICAL - 2023-06-19 13:44:04 --> Argument 1 passed to App\Controllers\Grupos::exibir() must be of the type int or null, string given, called in /var/www/ordem/system/CodeIgniter.php on line 934
in APPPATH/Controllers/Grupos.php on line 145.
 1 SYSTEMPATH/CodeIgniter.php(934): App\Controllers\Grupos->exibir()
 2 SYSTEMPATH/CodeIgniter.php(499): CodeIgniter\CodeIgniter->runController()
 3 SYSTEMPATH/CodeIgniter.php(368): CodeIgniter\CodeIgniter->handleRequest()
 4 FCPATH/index.php(67): CodeIgniter\CodeIgniter->run()
 5 SYSTEMPATH/Commands/Server/rewrite.php(47): require_once('/var/www/ordem/public/index.php')
CRITICAL - 2023-06-19 13:44:04 --> Argument 1 passed to App\Controllers\Grupos::exibir() must be of the type int or null, string given, called in /var/www/ordem/system/CodeIgniter.php on line 934
in APPPATH/Controllers/Grupos.php on line 145.
 1 SYSTEMPATH/CodeIgniter.php(934): App\Controllers\Grupos->exibir()
 2 SYSTEMPATH/CodeIgniter.php(499): CodeIgniter\CodeIgniter->runController()
 3 SYSTEMPATH/CodeIgniter.php(368): CodeIgniter\CodeIgniter->handleRequest()
 4 FCPATH/index.php(67): CodeIgniter\CodeIgniter->run()
 5 SYSTEMPATH/Commands/Server/rewrite.php(47): require_once('/var/www/ordem/public/index.php')
CRITICAL - 2023-06-19 13:44:04 --> Argument 1 passed to App\Controllers\Grupos::exibir() must be of the type int or null, string given, called in /var/www/ordem/system/CodeIgniter.php on line 934
in APPPATH/Controllers/Grupos.php on line 145.
 1 SYSTEMPATH/CodeIgniter.php(934): App\Controllers\Grupos->exibir()
 2 SYSTEMPATH/CodeIgniter.php(499): CodeIgniter\CodeIgniter->runController()
 3 SYSTEMPATH/CodeIgniter.php(368): CodeIgniter\CodeIgniter->handleRequest()
 4 FCPATH/index.php(67): CodeIgniter\CodeIgniter->run()
 5 SYSTEMPATH/Commands/Server/rewrite.php(47): require_once('/var/www/ordem/public/index.php')
CRITICAL - 2023-06-19 13:44:04 --> Argument 1 passed to App\Controllers\Grupos::exibir() must be of the type int or null, string given, called in /var/www/ordem/system/CodeIgniter.php on line 934
in APPPATH/Controllers/Grupos.php on line 145.
 1 SYSTEMPATH/CodeIgniter.php(934): App\Controllers\Grupos->exibir()
 2 SYSTEMPATH/CodeIgniter.php(499): CodeIgniter\CodeIgniter->runController()
 3 SYSTEMPATH/CodeIgniter.php(368): CodeIgniter\CodeIgniter->handleRequest()
 4 FCPATH/index.php(67): CodeIgniter\CodeIgniter->run()
 5 SYSTEMPATH/Commands/Server/rewrite.php(47): require_once('/var/www/ordem/public/index.php')
CRITICAL - 2023-06-19 13:44:04 --> Argument 1 passed to App\Controllers\Grupos::exibir() must be of the type int or null, string given, called in /var/www/ordem/system/CodeIgniter.php on line 934
in APPPATH/Controllers/Grupos.php on line 145.
 1 SYSTEMPATH/CodeIgniter.php(934): App\Controllers\Grupos->exibir()
 2 SYSTEMPATH/CodeIgniter.php(499): CodeIgniter\CodeIgniter->runController()
 3 SYSTEMPATH/CodeIgniter.php(368): CodeIgniter\CodeIgniter->handleRequest()
 4 FCPATH/index.php(67): CodeIgniter\CodeIgniter->run()
 5 SYSTEMPATH/Commands/Server/rewrite.php(47): require_once('/var/www/ordem/public/index.php')
CRITICAL - 2023-06-19 13:44:04 --> Argument 1 passed to App\Controllers\Grupos::exibir() must be of the type int or null, string given, called in /var/www/ordem/system/CodeIgniter.php on line 934
in APPPATH/Controllers/Grupos.php on line 145.
 1 SYSTEMPATH/CodeIgniter.php(934): App\Controllers\Grupos->exibir()
 2 SYSTEMPATH/CodeIgniter.php(499): CodeIgniter\CodeIgniter->runController()
 3 SYSTEMPATH/CodeIgniter.php(368): CodeIgniter\CodeIgniter->handleRequest()
 4 FCPATH/index.php(67): CodeIgniter\CodeIgniter->run()
 5 SYSTEMPATH/Commands/Server/rewrite.php(47): require_once('/var/www/ordem/public/index.php')
INFO - 2023-06-19 13:44:08 --> Session: Class initialized using 'CodeIgniter\Session\Handlers\FileHandler' driver.
