ERROR - 2023-04-14 12:47:41 --> Error connecting to the database: mysqli_sql_exception: Unknown database 'teste-ci4' in /var/www/ordem/system/Database/MySQLi/Connection.php:174
Stack trace:
#0 /var/www/ordem/system/Database/MySQLi/Connection.php(174): mysqli->real_connect()
#1 /var/www/ordem/system/Database/BaseConnection.php(391): CodeIgniter\Database\MySQLi\Connection->connect()
#2 /var/www/ordem/system/Database/BaseConnection.php(573): CodeIgniter\Database\BaseConnection->initialize()
#3 /var/www/ordem/system/Database/BaseConnection.php(1408): CodeIgniter\Database\BaseConnection->query()
#4 /var/www/ordem/system/Database/BaseConnection.php(1427): CodeIgniter\Database\BaseConnection->listTables()
#5 /var/www/ordem/system/Database/MigrationRunner.php(768): CodeIgniter\Database\BaseConnection->tableExists()
#6 /var/www/ordem/system/Database/MigrationRunner.php(168): CodeIgniter\Database\MigrationRunner->ensureTable()
#7 /var/www/ordem/system/Commands/Database/Migrate.php(84): CodeIgniter\Database\MigrationRunner->latest()
#8 /var/www/ordem/system/CLI/Commands.php(65): CodeIgniter\Commands\Database\Migrate->run()
#9 /var/www/ordem/system/CLI/Console.php(37): CodeIgniter\CLI\Commands->run()
#10 /var/www/ordem/spark(97): CodeIgniter\CLI\Console->run()
#11 {main}

Next CodeIgniter\Database\Exceptions\DatabaseException: Unknown database 'teste-ci4' in /var/www/ordem/system/Database/MySQLi/Connection.php:218
Stack trace:
#0 /var/www/ordem/system/Database/BaseConnection.php(391): CodeIgniter\Database\MySQLi\Connection->connect()
#1 /var/www/ordem/system/Database/BaseConnection.php(573): CodeIgniter\Database\BaseConnection->initialize()
#2 /var/www/ordem/system/Database/BaseConnection.php(1408): CodeIgniter\Database\BaseConnection->query()
#3 /var/www/ordem/system/Database/BaseConnection.php(1427): CodeIgniter\Database\BaseConnection->listTables()
#4 /var/www/ordem/system/Database/MigrationRunner.php(768): CodeIgniter\Database\BaseConnection->tableExists()
#5 /var/www/ordem/system/Database/MigrationRunner.php(168): CodeIgniter\Database\MigrationRunner->ensureTable()
#6 /var/www/ordem/system/Commands/Database/Migrate.php(84): CodeIgniter\Database\MigrationRunner->latest()
#7 /var/www/ordem/system/CLI/Commands.php(65): CodeIgniter\Commands\Database\Migrate->run()
#8 /var/www/ordem/system/CLI/Console.php(37): CodeIgniter\CLI\Commands->run()
#9 /var/www/ordem/spark(97): CodeIgniter\CLI\Console->run()
#10 {main}
