ERROR - 2023-04-13 12:46:28 --> mysqli_sql_exception: Unknown table 'teste-ci4.teste' in /var/www/ordem/system/Database/MySQLi/Connection.php:295
Stack trace:
#0 /var/www/ordem/system/Database/MySQLi/Connection.php(295): mysqli->query()
#1 /var/www/ordem/system/Database/BaseConnection.php(691): CodeIgniter\Database\MySQLi\Connection->execute()
#2 /var/www/ordem/system/Database/BaseConnection.php(605): CodeIgniter\Database\BaseConnection->simpleQuery()
#3 /var/www/ordem/system/Database/Forge.php(637): CodeIgniter\Database\BaseConnection->query()
#4 /var/www/ordem/app/Database/Migrations/2023-04-13-123205_TesteMigracao.php(33): CodeIgniter\Database\Forge->dropTable()
#5 /var/www/ordem/system/Database/MigrationRunner.php(877): App\Database\Migrations\TesteMigracao->down()
#6 /var/www/ordem/system/Database/MigrationRunner.php(299): CodeIgniter\Database\MigrationRunner->migrate()
#7 /var/www/ordem/system/Commands/Database/MigrateRollback.php(92): CodeIgniter\Database\MigrationRunner->regress()
#8 /var/www/ordem/system/CLI/Commands.php(65): CodeIgniter\Commands\Database\MigrateRollback->run()
#9 /var/www/ordem/system/CLI/BaseCommand.php(114): CodeIgniter\CLI\Commands->run()
#10 /var/www/ordem/system/Commands/Database/MigrateRefresh.php(84): CodeIgniter\CLI\BaseCommand->call()
#11 /var/www/ordem/system/CLI/Commands.php(65): CodeIgniter\Commands\Database\MigrateRefresh->run()
#12 /var/www/ordem/system/CLI/Console.php(37): CodeIgniter\CLI\Commands->run()
#13 /var/www/ordem/spark(97): CodeIgniter\CLI\Console->run()
#14 {main}
ERROR - 2023-04-13 12:46:39 --> mysqli_sql_exception: Unknown table 'teste-ci4.teste' in /var/www/ordem/system/Database/MySQLi/Connection.php:295
Stack trace:
#0 /var/www/ordem/system/Database/MySQLi/Connection.php(295): mysqli->query()
#1 /var/www/ordem/system/Database/BaseConnection.php(691): CodeIgniter\Database\MySQLi\Connection->execute()
#2 /var/www/ordem/system/Database/BaseConnection.php(605): CodeIgniter\Database\BaseConnection->simpleQuery()
#3 /var/www/ordem/system/Database/Forge.php(637): CodeIgniter\Database\BaseConnection->query()
#4 /var/www/ordem/app/Database/Migrations/2023-04-13-123205_TesteMigracao.php(33): CodeIgniter\Database\Forge->dropTable()
#5 /var/www/ordem/system/Database/MigrationRunner.php(877): App\Database\Migrations\TesteMigracao->down()
#6 /var/www/ordem/system/Database/MigrationRunner.php(299): CodeIgniter\Database\MigrationRunner->migrate()
#7 /var/www/ordem/system/Commands/Database/MigrateRollback.php(92): CodeIgniter\Database\MigrationRunner->regress()
#8 /var/www/ordem/system/CLI/Commands.php(65): CodeIgniter\Commands\Database\MigrateRollback->run()
#9 /var/www/ordem/system/CLI/Console.php(37): CodeIgniter\CLI\Commands->run()
#10 /var/www/ordem/spark(97): CodeIgniter\CLI\Console->run()
#11 {main}
ERROR - 2023-04-13 12:47:49 --> mysqli_sql_exception: Incorrect table definition; there can be only one auto column and it must be defined as a key in /var/www/ordem/system/Database/MySQLi/Connection.php:295
Stack trace:
#0 /var/www/ordem/system/Database/MySQLi/Connection.php(295): mysqli->query()
#1 /var/www/ordem/system/Database/BaseConnection.php(691): CodeIgniter\Database\MySQLi\Connection->execute()
#2 /var/www/ordem/system/Database/BaseConnection.php(605): CodeIgniter\Database\BaseConnection->simpleQuery()
#3 /var/www/ordem/system/Database/Forge.php(546): CodeIgniter\Database\BaseConnection->query()
#4 /var/www/ordem/app/Database/Migrations/2023-04-13-123205_TesteMigracao.php(28): CodeIgniter\Database\Forge->createTable()
#5 /var/www/ordem/system/Database/MigrationRunner.php(877): App\Database\Migrations\TesteMigracao->up()
#6 /var/www/ordem/system/Database/MigrationRunner.php(188): CodeIgniter\Database\MigrationRunner->migrate()
#7 /var/www/ordem/system/Commands/Database/Migrate.php(84): CodeIgniter\Database\MigrationRunner->latest()
#8 /var/www/ordem/system/CLI/Commands.php(65): CodeIgniter\Commands\Database\Migrate->run()
#9 /var/www/ordem/system/CLI/Console.php(37): CodeIgniter\CLI\Commands->run()
#10 /var/www/ordem/spark(97): CodeIgniter\CLI\Console->run()
#11 {main}
CRITICAL - 2023-04-13 13:04:40 --> Undefined variable: data
in APPPATH/Views/teste.php on line 5.
 1 APPPATH/Views/teste.php(5): CodeIgniter\Debug\Exceptions->errorHandler()
 2 SYSTEMPATH/View/View.php(213): include('/var/www/ordem/app/Views/teste.php')
 3 SYSTEMPATH/View/View.php(216): CodeIgniter\View\View->CodeIgniter\View\{closure}()
 4 SYSTEMPATH/Common.php(1184): CodeIgniter\View\View->render()
 5 APPPATH/Controllers/Teste.php(24): view()
 6 SYSTEMPATH/CodeIgniter.php(934): App\Controllers\Teste->index()
 7 SYSTEMPATH/CodeIgniter.php(499): CodeIgniter\CodeIgniter->runController()
 8 SYSTEMPATH/CodeIgniter.php(368): CodeIgniter\CodeIgniter->handleRequest()
 9 FCPATH/index.php(67): CodeIgniter\CodeIgniter->run()
10 SYSTEMPATH/Commands/Server/rewrite.php(47): require_once('/var/www/ordem/public/index.php')
CRITICAL - 2023-04-13 13:05:00 --> Undefined index: nome
in APPPATH/Views/teste.php on line 6.
 1 APPPATH/Views/teste.php(6): CodeIgniter\Debug\Exceptions->errorHandler()
 2 SYSTEMPATH/View/View.php(213): include('/var/www/ordem/app/Views/teste.php')
 3 SYSTEMPATH/View/View.php(216): CodeIgniter\View\View->CodeIgniter\View\{closure}()
 4 SYSTEMPATH/Common.php(1184): CodeIgniter\View\View->render()
 5 APPPATH/Controllers/Teste.php(24): view()
 6 SYSTEMPATH/CodeIgniter.php(934): App\Controllers\Teste->index()
 7 SYSTEMPATH/CodeIgniter.php(499): CodeIgniter\CodeIgniter->runController()
 8 SYSTEMPATH/CodeIgniter.php(368): CodeIgniter\CodeIgniter->handleRequest()
 9 FCPATH/index.php(67): CodeIgniter\CodeIgniter->run()
10 SYSTEMPATH/Commands/Server/rewrite.php(47): require_once('/var/www/ordem/public/index.php')
CRITICAL - 2023-04-13 13:05:25 --> Trying to get property 'nome' of non-object
in APPPATH/Views/teste.php on line 6.
 1 APPPATH/Views/teste.php(6): CodeIgniter\Debug\Exceptions->errorHandler()
 2 SYSTEMPATH/View/View.php(213): include('/var/www/ordem/app/Views/teste.php')
 3 SYSTEMPATH/View/View.php(216): CodeIgniter\View\View->CodeIgniter\View\{closure}()
 4 SYSTEMPATH/Common.php(1184): CodeIgniter\View\View->render()
 5 APPPATH/Controllers/Teste.php(24): view()
 6 SYSTEMPATH/CodeIgniter.php(934): App\Controllers\Teste->index()
 7 SYSTEMPATH/CodeIgniter.php(499): CodeIgniter\CodeIgniter->runController()
 8 SYSTEMPATH/CodeIgniter.php(368): CodeIgniter\CodeIgniter->handleRequest()
 9 FCPATH/index.php(67): CodeIgniter\CodeIgniter->run()
10 SYSTEMPATH/Commands/Server/rewrite.php(47): require_once('/var/www/ordem/public/index.php')
CRITICAL - 2023-04-13 13:05:53 --> Undefined variable: testes
in APPPATH/Views/teste.php on line 7.
 1 APPPATH/Views/teste.php(7): CodeIgniter\Debug\Exceptions->errorHandler()
 2 SYSTEMPATH/View/View.php(213): include('/var/www/ordem/app/Views/teste.php')
 3 SYSTEMPATH/View/View.php(216): CodeIgniter\View\View->CodeIgniter\View\{closure}()
 4 SYSTEMPATH/Common.php(1184): CodeIgniter\View\View->render()
 5 APPPATH/Controllers/Teste.php(24): view()
 6 SYSTEMPATH/CodeIgniter.php(934): App\Controllers\Teste->index()
 7 SYSTEMPATH/CodeIgniter.php(499): CodeIgniter\CodeIgniter->runController()
 8 SYSTEMPATH/CodeIgniter.php(368): CodeIgniter\CodeIgniter->handleRequest()
 9 FCPATH/index.php(67): CodeIgniter\CodeIgniter->run()
10 SYSTEMPATH/Commands/Server/rewrite.php(47): require_once('/var/www/ordem/public/index.php')
CRITICAL - 2023-04-13 13:07:13 --> Array to string conversion
in APPPATH/Controllers/Teste.php on line 19.
 1 APPPATH/Controllers/Teste.php(19): CodeIgniter\Debug\Exceptions->errorHandler()
 2 SYSTEMPATH/CodeIgniter.php(934): App\Controllers\Teste->index()
 3 SYSTEMPATH/CodeIgniter.php(499): CodeIgniter\CodeIgniter->runController()
 4 SYSTEMPATH/CodeIgniter.php(368): CodeIgniter\CodeIgniter->handleRequest()
 5 FCPATH/index.php(67): CodeIgniter\CodeIgniter->run()
 6 SYSTEMPATH/Commands/Server/rewrite.php(47): require_once('/var/www/ordem/public/index.php')
ERROR - 2023-04-13 16:27:20 --> mysqli_sql_exception: Can't DROP 'modelo'; check that column/key exists in /var/www/ordem/system/Database/MySQLi/Connection.php:295
Stack trace:
#0 /var/www/ordem/system/Database/MySQLi/Connection.php(295): mysqli->query()
#1 /var/www/ordem/system/Database/BaseConnection.php(691): CodeIgniter\Database\MySQLi\Connection->execute()
#2 /var/www/ordem/system/Database/BaseConnection.php(605): CodeIgniter\Database\BaseConnection->simpleQuery()
#3 /var/www/ordem/system/Database/Forge.php(771): CodeIgniter\Database\BaseConnection->query()
#4 /var/www/ordem/app/Database/Migrations/2023-04-13-162343_AdicionaModeloEmTeste.php(26): CodeIgniter\Database\Forge->dropColumn()
#5 /var/www/ordem/system/Database/MigrationRunner.php(877): App\Database\Migrations\AdicionaModeloEmTeste->down()
#6 /var/www/ordem/system/Database/MigrationRunner.php(299): CodeIgniter\Database\MigrationRunner->migrate()
#7 /var/www/ordem/system/Commands/Database/MigrateRollback.php(92): CodeIgniter\Database\MigrationRunner->regress()
#8 /var/www/ordem/system/CLI/Commands.php(65): CodeIgniter\Commands\Database\MigrateRollback->run()
#9 /var/www/ordem/system/CLI/BaseCommand.php(114): CodeIgniter\CLI\Commands->run()
#10 /var/www/ordem/system/Commands/Database/MigrateRefresh.php(84): CodeIgniter\CLI\BaseCommand->call()
#11 /var/www/ordem/system/CLI/Commands.php(65): CodeIgniter\Commands\Database\MigrateRefresh->run()
#12 /var/www/ordem/system/CLI/Console.php(37): CodeIgniter\CLI\Commands->run()
#13 /var/www/ordem/spark(97): CodeIgniter\CLI\Console->run()
#14 {main}
ERROR - 2023-04-13 16:27:29 --> mysqli_sql_exception: Can't DROP 'modelo'; check that column/key exists in /var/www/ordem/system/Database/MySQLi/Connection.php:295
Stack trace:
#0 /var/www/ordem/system/Database/MySQLi/Connection.php(295): mysqli->query()
#1 /var/www/ordem/system/Database/BaseConnection.php(691): CodeIgniter\Database\MySQLi\Connection->execute()
#2 /var/www/ordem/system/Database/BaseConnection.php(605): CodeIgniter\Database\BaseConnection->simpleQuery()
#3 /var/www/ordem/system/Database/Forge.php(771): CodeIgniter\Database\BaseConnection->query()
#4 /var/www/ordem/app/Database/Migrations/2023-04-13-162343_AdicionaModeloEmTeste.php(26): CodeIgniter\Database\Forge->dropColumn()
#5 /var/www/ordem/system/Database/MigrationRunner.php(877): App\Database\Migrations\AdicionaModeloEmTeste->down()
#6 /var/www/ordem/system/Database/MigrationRunner.php(299): CodeIgniter\Database\MigrationRunner->migrate()
#7 /var/www/ordem/system/Commands/Database/MigrateRollback.php(92): CodeIgniter\Database\MigrationRunner->regress()
#8 /var/www/ordem/system/CLI/Commands.php(65): CodeIgniter\Commands\Database\MigrateRollback->run()
#9 /var/www/ordem/system/CLI/Console.php(37): CodeIgniter\CLI\Commands->run()
#10 /var/www/ordem/spark(97): CodeIgniter\CLI\Console->run()
#11 {main}
CRITICAL - 2023-04-13 18:04:33 --> Undefined property: Config\App::$indexPage
in SYSTEMPATH/Helpers/url_helper.php on line 88.
 1 SYSTEMPATH/Helpers/url_helper.php(88): CodeIgniter\Debug\Exceptions->errorHandler()
 2 SYSTEMPATH/Helpers/url_helper.php(118): _get_uri()
 3 APPPATH/Views/Home/index.php(11): site_url()
 4 SYSTEMPATH/View/View.php(213): include('/var/www/ordem/app/Views/Home/index.php')
 5 SYSTEMPATH/View/View.php(216): CodeIgniter\View\View->CodeIgniter\View\{closure}()
 6 SYSTEMPATH/Common.php(1184): CodeIgniter\View\View->render()
 7 APPPATH/Controllers/Home.php(15): view()
 8 SYSTEMPATH/CodeIgniter.php(934): App\Controllers\Home->index()
 9 SYSTEMPATH/CodeIgniter.php(499): CodeIgniter\CodeIgniter->runController()
10 SYSTEMPATH/CodeIgniter.php(368): CodeIgniter\CodeIgniter->handleRequest()
11 FCPATH/index.php(67): CodeIgniter\CodeIgniter->run()
12 SYSTEMPATH/Commands/Server/rewrite.php(47): require_once('/var/www/ordem/public/index.php')
